Flow report for CortexM3
Sat Jul 22 21:19:43 2023
Quartus Prime Version 17.1.0 Build 590 10/25/2017 SJ Standard Edition


---------------------
; Table of Contents ;
---------------------
  1. Legal Notice
  2. Flow Summary
  3. Flow Settings
  4. Flow Non-Default Global Settings
  5. Flow Elapsed Time
  6. Flow OS Summary
  7. Flow Log
  8. Flow Messages
  9. Flow Suppressed Messages



----------------
; Legal Notice ;
----------------
Copyright (C) 2017  Intel Corporation. All rights reserved.
Your use of Intel Corporation's design tools, logic functions 
and other software and tools, and its AMPP partner logic 
functions, and any output files from any of the foregoing 
(including device programming or simulation files), and any 
associated documentation or information are expressly subject 
to the terms and conditions of the Intel Program License 
Subscription Agreement, the Intel Quartus Prime License Agreement,
the Intel FPGA IP License Agreement, or other applicable license
agreement, including, without limitation, that your use is for
the sole purpose of programming logic devices manufactured by
Intel and sold by Intel or its authorized distributors.  Please
refer to the applicable agreement for further details.



+--------------------------------------------------------------------------------------+
; Flow Summary                                                                         ;
+------------------------------------+-------------------------------------------------+
; Flow Status                        ; Successful - Sat Jul 22 21:19:27 2023           ;
; Quartus Prime Version              ; 17.1.0 Build 590 10/25/2017 SJ Standard Edition ;
; Revision Name                      ; CortexM3                                        ;
; Top-level Entity Name              ; CortexM3                                        ;
; Family                             ; Cyclone IV E                                    ;
; Device                             ; EP4CE55F23I7                                    ;
; Timing Models                      ; Final                                           ;
; Total logic elements               ; 22,949 / 55,856 ( 41 % )                        ;
;     Total combinational functions  ; 22,141 / 55,856 ( 40 % )                        ;
;     Dedicated logic registers      ; 5,591 / 55,856 ( 10 % )                         ;
; Total registers                    ; 5591                                            ;
; Total pins                         ; 35 / 325 ( 11 % )                               ;
; Total virtual pins                 ; 0                                               ;
; Total memory bits                  ; 1,048,576 / 2,396,160 ( 44 % )                  ;
; Embedded Multiplier 9-bit elements ; 6 / 308 ( 2 % )                                 ;
; Total PLLs                         ; 1 / 4 ( 25 % )                                  ;
+------------------------------------+-------------------------------------------------+


+-----------------------------------------+
; Flow Settings                           ;
+-------------------+---------------------+
; Option            ; Setting             ;
+-------------------+---------------------+
; Start date & time ; 07/22/2023 21:11:29 ;
; Main task         ; Compilation         ;
; Revision Name     ; CortexM3            ;
+-------------------+---------------------+


+-----------------------------------------------------------------------------------------------------------------------------------------+
; Flow Non-Default Global Settings                                                                                                        ;
+-------------------------------------+--------------------------------------------------------+---------------+-------------+------------+
; Assignment Name                     ; Value                                                  ; Default Value ; Entity Name ; Section Id ;
+-------------------------------------+--------------------------------------------------------+---------------+-------------+------------+
; COMPILER_SIGNATURE_ID               ; 103604374801623.169003148910932                        ; --            ; --          ; --         ;
; MAX_CORE_JUNCTION_TEMP              ; 100                                                    ; --            ; --          ; --         ;
; MIN_CORE_JUNCTION_TEMP              ; -40                                                    ; --            ; --          ; --         ;
; MISC_FILE                           ; BUFG/BUFG/synthesis/../BUFG.cmp                        ; --            ; --          ; --         ;
; MISC_FILE                           ; BUFG/BUFG/synthesis/../../BUFG.qsys                    ; --            ; --          ; --         ;
; MISC_FILE                           ; PLL/PLL.ppf                                            ; --            ; --          ; --         ;
; OUTPUT_IO_TIMING_FAR_END_VMEAS      ; Half Signal Swing                                      ; --            ; --          ; --         ;
; OUTPUT_IO_TIMING_FAR_END_VMEAS      ; Half Signal Swing                                      ; --            ; --          ; --         ;
; OUTPUT_IO_TIMING_NEAR_END_VMEAS     ; Half Vccio                                             ; --            ; --          ; --         ;
; OUTPUT_IO_TIMING_NEAR_END_VMEAS     ; Half Vccio                                             ; --            ; --          ; --         ;
; PARTITION_COLOR                     ; -- (Not supported for targeted family)                 ; --            ; --          ; Top        ;
; PARTITION_FITTER_PRESERVATION_LEVEL ; -- (Not supported for targeted family)                 ; --            ; --          ; Top        ;
; PARTITION_NETLIST_TYPE              ; -- (Not supported for targeted family)                 ; --            ; --          ; Top        ;
; POWER_BOARD_THERMAL_MODEL           ; None (CONSERVATIVE)                                    ; --            ; --          ; --         ;
; POWER_PRESET_COOLING_SOLUTION       ; 23 MM HEAT SINK WITH 200 LFPM AIRFLOW                  ; --            ; --          ; --         ;
; PROJECT_OUTPUT_DIRECTORY            ; output_files                                           ; --            ; --          ; --         ;
; SLD_FILE                            ; BUFG/BUFG/synthesis/BUFG.debuginfo                     ; --            ; --          ; --         ;
; SLD_INFO                            ; QSYS_NAME BUFG HAS_SOPCINFO 1 GENERATION_ID 1685500673 ; --            ; BUFG        ; --         ;
; SOPCINFO_FILE                       ; BUFG/BUFG/synthesis/../../BUFG.sopcinfo                ; --            ; --          ; --         ;
; SYNTHESIS_ONLY_QIP                  ; On                                                     ; --            ; --          ; --         ;
+-------------------------------------+--------------------------------------------------------+---------------+-------------+------------+


+-------------------------------------------------------------------------------------------------------------------------------+
; Flow Elapsed Time                                                                                                             ;
+---------------------------+--------------+-------------------------+---------------------+------------------------------------+
; Module Name               ; Elapsed Time ; Average Processors Used ; Peak Virtual Memory ; Total CPU Time (on all processors) ;
+---------------------------+--------------+-------------------------+---------------------+------------------------------------+
; Analysis & Synthesis      ; 00:03:38     ; 1.0                     ; 7691 MB             ; 00:03:48                           ;
; Fitter                    ; 00:04:07     ; 1.1                     ; 5908 MB             ; 00:08:43                           ;
; Assembler                 ; 00:00:03     ; 1.0                     ; 4746 MB             ; 00:00:03                           ;
; TimeQuest Timing Analyzer ; 00:00:14     ; 2.1                     ; 5111 MB             ; 00:00:24                           ;
; Total                     ; 00:08:02     ; --                      ; --                  ; 00:12:58                           ;
+---------------------------+--------------+-------------------------+---------------------+------------------------------------+


+-----------------------------------------------------------------------------------------+
; Flow OS Summary                                                                         ;
+---------------------------+------------------+------------+------------+----------------+
; Module Name               ; Machine Hostname ; OS Name    ; OS Version ; Processor type ;
+---------------------------+------------------+------------+------------+----------------+
; Analysis & Synthesis      ; DESKTOP-CF55MT9  ; Windows 10 ; 10.0       ; x86_64         ;
; Fitter                    ; DESKTOP-CF55MT9  ; Windows 10 ; 10.0       ; x86_64         ;
; Assembler                 ; DESKTOP-CF55MT9  ; Windows 10 ; 10.0       ; x86_64         ;
; TimeQuest Timing Analyzer ; DESKTOP-CF55MT9  ; Windows 10 ; 10.0       ; x86_64         ;
+---------------------------+------------------+------------+------------+----------------+


------------
; Flow Log ;
------------
quartus_map --read_settings_files=on --write_settings_files=off CortexM3 -c CortexM3
quartus_fit --read_settings_files=off --write_settings_files=off CortexM3 -c CortexM3
quartus_asm --read_settings_files=off --write_settings_files=off CortexM3 -c CortexM3
quartus_sta CortexM3 -c CortexM3



