============================================================
   Tang Dynasty, V5.6.56362
   Copyright (c) 2012-2022 Anlogic
   Executable = D:/Anlogic/TD5.6.56362/bin/td.exe
   Built at =   19:51:00 Jul 25 2022
   Run by =     DELL
   Run Date =   Wed Jul 19 23:56:33 2023

   Run on =     DESKTOP-CF55MT9
============================================================
RUN-1002 : start command "open_project CortexM3.prj"
RUN-1001 : Print Global Property
RUN-1001 : ---------------------------------------------------------------
RUN-1001 :        Parameters        |  Settings  |  Default Values  |  Note  
RUN-1001 : ---------------------------------------------------------------
RUN-1001 :          message         |  standard  |     standard     |        
RUN-1001 :   mixed_pack_place_flow  |     on     |        on        |        
RUN-1001 :        syn_ip_flow       |    off     |       off        |        
RUN-1001 :          thread          |    auto    |       auto       |        
RUN-1001 : ---------------------------------------------------------------
RUN-1001 : Print Design Property
RUN-1001 : --------------------------------------------------------------
RUN-1001 :        Parameters       |  Settings  |  Default Values  |  Note  
RUN-1001 : --------------------------------------------------------------
RUN-1001 :   default_reg_initial   |    auto    |       auto       |        
RUN-1001 :        infer_add        |     on     |        on        |        
RUN-1001 :        infer_fsm        |    off     |       off        |        
RUN-1001 :        infer_mult       |     on     |        on        |        
RUN-1001 :        infer_ram        |     on     |        on        |        
RUN-1001 :        infer_reg        |     on     |        on        |        
RUN-1001 :   infer_reg_init_value  |     on     |        on        |        
RUN-1001 :        infer_rom        |     on     |        on        |        
RUN-1001 :      infer_shifter      |     on     |        on        |        
RUN-1001 : --------------------------------------------------------------
RUN-1001 : Print Rtl Property
RUN-1001 : --------------------------------------------------------------
RUN-1001 :        Parameters       |  Settings  |  Default Values  |  Note  
RUN-1001 : --------------------------------------------------------------
RUN-1001 :       compress_add      |   ripple   |      ripple      |        
RUN-1001 :        elf_sload        |    off     |       off        |        
RUN-1001 :       fix_undriven      |     0      |        0         |        
RUN-1001 :         flatten         |    off     |       off        |        
RUN-1001 :       gate_sharing      |     on     |        on        |        
RUN-1001 :    hdl_warning_level    |   normal   |      normal      |        
RUN-1001 :   impl_internal_tribuf  |     on     |        on        |        
RUN-1001 :      impl_set_reset     |     on     |        on        |        
RUN-1001 :        infer_gsr        |    off     |       off        |        
RUN-1001 :      keep_hierarchy     |    auto    |       auto       |        
RUN-1001 :        max_fanout       |    9999    |       9999       |        
RUN-1001 :      max_oh2bin_len     |     10     |        10        |        
RUN-1001 :       merge_equal       |     on     |        on        |        
RUN-1001 :       merge_equiv       |     on     |        on        |        
RUN-1001 :        merge_mux        |    off     |       off        |        
RUN-1001 :     min_control_set     |     8      |        8         |        
RUN-1001 :      min_ripple_len     |    auto    |       auto       |        
RUN-1001 :       oh2bin_ratio      |    0.08    |       0.08       |        
RUN-1001 :     opt_adder_fanout    |     on     |        on        |        
RUN-1001 :        opt_arith        |     on     |        on        |        
RUN-1001 :       opt_big_gate      |    off     |       off        |        
RUN-1001 :        opt_const        |     on     |        on        |        
RUN-1001 :      opt_const_mult     |     on     |        on        |        
RUN-1001 :       opt_lessthan      |     on     |        on        |        
RUN-1001 :         opt_mux         |    off     |       off        |        
RUN-1001 :         opt_ram         |    high    |       high       |        
RUN-1001 :      rtl_sim_model      |    off     |       off        |        
RUN-1001 :         seq_syn         |     on     |        on        |        
RUN-1001 : --------------------------------------------------------------
HDL-1007 : analyze verilog file ../../../RTL/CortexM3_TD.v
HDL-1007 : undeclared symbol 'TXEN', assumed default net type 'wire' in ../../../RTL/CortexM3_TD.v(788)
HDL-1007 : undeclared symbol 'BAUDTICK', assumed default net type 'wire' in ../../../RTL/CortexM3_TD.v(789)
HDL-1007 : analyze verilog file ../../../RTL/bus/AhbMtx/AhbMtx.v
HDL-1007 : analyze verilog file ../../../RTL/bus/AhbMtx/AhbMtxArbM0.v
HDL-1007 : analyze verilog file ../../../RTL/bus/AhbMtx/AhbMtxArbM1.v
HDL-1007 : analyze verilog file ../../../RTL/bus/AhbMtx/AhbMtxArbM2.v
HDL-1007 : analyze verilog file ../../../RTL/bus/AhbMtx/AhbMtxDecS0.v
HDL-1007 : analyze verilog file ../../../RTL/bus/AhbMtx/AhbMtxDecS1.v
HDL-1007 : analyze verilog file ../../../RTL/bus/AhbMtx/AhbMtxDecS2.v
HDL-1007 : analyze verilog file ../../../RTL/bus/AhbMtx/AhbMtxInStg.v
HDL-1007 : analyze verilog file ../../../RTL/bus/AhbMtx/AhbMtxOutStgM0.v
HDL-1007 : analyze verilog file ../../../RTL/bus/AhbMtx/AhbMtxOutStgM1.v
HDL-1007 : analyze verilog file ../../../RTL/bus/AhbMtx/AhbMtxOutStgM2.v
HDL-1007 : analyze verilog file ../../../RTL/bus/AhbMtx/AhbMtx_default_slave.v
HDL-1007 : analyze verilog file ../../../RTL/bus/Apb/cmsdk_ahb_to_apb.v
HDL-1007 : analyze verilog file ../../../RTL/bus/Apb/cmsdk_apb_slave_mux.v
HDL-1007 : analyze verilog file ../../../RTL/core/cortexm3ds_logic.v
HDL-1007 : analyze verilog file ../../../RTL/peripheral/buzzer/custom_apb_buzzer.v
HDL-1007 : undeclared symbol 'read_en', assumed default net type 'wire' in ../../../RTL/peripheral/buzzer/custom_apb_buzzer.v(36)
HDL-1007 : undeclared symbol 'write_en', assumed default net type 'wire' in ../../../RTL/peripheral/buzzer/custom_apb_buzzer.v(37)
HDL-1007 : analyze verilog file ../../../RTL/peripheral/key/custom_apb_key.v
HDL-1007 : undeclared symbol 'read_en', assumed default net type 'wire' in ../../../RTL/peripheral/key/custom_apb_key.v(36)
HDL-1007 : analyze verilog file ../../../RTL/peripheral/lcd/custom_apb_lcd.v
HDL-1007 : undeclared symbol 'read_en', assumed default net type 'wire' in ../../../RTL/peripheral/lcd/custom_apb_lcd.v(42)
HDL-1007 : undeclared symbol 'write_en', assumed default net type 'wire' in ../../../RTL/peripheral/lcd/custom_apb_lcd.v(43)
HDL-1007 : analyze verilog file ../../../RTL/peripheral/led/custom_apb_led.v
HDL-1007 : undeclared symbol 'read_en', assumed default net type 'wire' in ../../../RTL/peripheral/led/custom_apb_led.v(36)
HDL-1007 : undeclared symbol 'write_en', assumed default net type 'wire' in ../../../RTL/peripheral/led/custom_apb_led.v(37)
HDL-1007 : analyze verilog file ../../../RTL/peripheral/sram/cmsdk_ahb_to_sram.v
HDL-1007 : analyze verilog file ../../../RTL/peripheral/sram/cmsdk_fpga_sram.v
HDL-1007 : analyze verilog file ../../../RTL/peripheral/timer/cmsdk_apb_timer.v
HDL-1007 : analyze verilog file ../../../RTL/peripheral/uart/cmsdk_apb_uart.v
HDL-1007 : analyze verilog file ../../al_ip/PLL.v
HDL-1007 : undeclared symbol 'open', assumed default net type 'wire' in ../../al_ip/PLL.v(76)
RUN-1001 : Project manager successfully analyzed 25 source files.
RUN-1003 : finish command "open_project CortexM3.prj" in  1.983754s wall, 1.906250s user + 0.078125s system = 1.984375s CPU (100.0%)

RUN-1004 : used memory is 103 MB, reserved memory is 78 MB, peak memory is 103 MB
RUN-1002 : start command "import_device ph1_60.db -package PH1A60GEG324"
ARC-1001 : Device Initialization.
ARC-1001 : ---------------------------------------------------------------
ARC-1001 :           OPTION          |          IO          |   SETTING   
ARC-1001 : ---------------------------------------------------------------
ARC-1001 :   non_jtag_persist(none)  |        36 IOs        |    gpio    
ARC-1001 :            jtag           |  P8/E10/E12/E11/E13  |  dedicate  
ARC-1001 : ---------------------------------------------------------------
RUN-1003 : finish command "import_device ph1_60.db -package PH1A60GEG324" in  13.902174s wall, 13.625000s user + 0.265625s system = 13.890625s CPU (99.9%)

RUN-1004 : used memory is 661 MB, reserved memory is 657 MB, peak memory is 661 MB
RUN-1002 : start command "elaborate -top CortexM3"
RUN-1001 : Print Design Property
RUN-1001 : --------------------------------------------------------------
RUN-1001 :        Parameters       |  Settings  |  Default Values  |  Note  
RUN-1001 : --------------------------------------------------------------
RUN-1001 :   default_reg_initial   |    auto    |       auto       |        
RUN-1001 :        infer_add        |     on     |        on        |        
RUN-1001 :        infer_fsm        |    off     |       off        |        
RUN-1001 :        infer_mult       |     on     |        on        |        
RUN-1001 :        infer_ram        |     on     |        on        |        
RUN-1001 :        infer_reg        |     on     |        on        |        
RUN-1001 :   infer_reg_init_value  |     on     |        on        |        
RUN-1001 :        infer_rom        |     on     |        on        |        
RUN-1001 :      infer_shifter      |     on     |        on        |        
RUN-1001 : --------------------------------------------------------------
RUN-1001 : Print Rtl Property
RUN-1001 : --------------------------------------------------------------
RUN-1001 :        Parameters       |  Settings  |  Default Values  |  Note  
RUN-1001 : --------------------------------------------------------------
RUN-1001 :       compress_add      |   ripple   |      ripple      |        
RUN-1001 :        elf_sload        |    off     |       off        |        
RUN-1001 :       fix_undriven      |     0      |        0         |        
RUN-1001 :         flatten         |    off     |       off        |        
RUN-1001 :       gate_sharing      |     on     |        on        |        
RUN-1001 :    hdl_warning_level    |   normal   |      normal      |        
RUN-1001 :   impl_internal_tribuf  |     on     |        on        |        
RUN-1001 :      impl_set_reset     |     on     |        on        |        
RUN-1001 :        infer_gsr        |    off     |       off        |        
RUN-1001 :      keep_hierarchy     |    auto    |       auto       |        
RUN-1001 :        max_fanout       |    9999    |       9999       |        
RUN-1001 :      max_oh2bin_len     |     10     |        10        |        
RUN-1001 :       merge_equal       |     on     |        on        |        
RUN-1001 :       merge_equiv       |     on     |        on        |        
RUN-1001 :        merge_mux        |    off     |       off        |        
RUN-1001 :     min_control_set     |     8      |        8         |        
RUN-1001 :      min_ripple_len     |    auto    |       auto       |        
RUN-1001 :       oh2bin_ratio      |    0.08    |       0.08       |        
RUN-1001 :     opt_adder_fanout    |     on     |        on        |        
RUN-1001 :        opt_arith        |     on     |        on        |        
RUN-1001 :       opt_big_gate      |    off     |       off        |        
RUN-1001 :        opt_const        |     on     |        on        |        
RUN-1001 :      opt_const_mult     |     on     |        on        |        
RUN-1001 :       opt_lessthan      |     on     |        on        |        
RUN-1001 :         opt_mux         |    off     |       off        |        
RUN-1001 :         opt_ram         |    high    |       high       |        
RUN-1001 :      rtl_sim_model      |    off     |       off        |        
RUN-1001 :         seq_syn         |     on     |        on        |        
RUN-1001 : --------------------------------------------------------------
RUN-1001 : Print Global Property
RUN-1001 : ---------------------------------------------------------------
RUN-1001 :        Parameters        |  Settings  |  Default Values  |  Note  
RUN-1001 : ---------------------------------------------------------------
RUN-1001 :          message         |  standard  |     standard     |        
RUN-1001 :   mixed_pack_place_flow  |     on     |        on        |        
RUN-1001 :        syn_ip_flow       |    off     |       off        |        
RUN-1001 :          thread          |    auto    |       auto       |        
RUN-1001 : ---------------------------------------------------------------
RUN-1001 : Print Design Property
RUN-1001 : --------------------------------------------------------------
RUN-1001 :        Parameters       |  Settings  |  Default Values  |  Note  
RUN-1001 : --------------------------------------------------------------
RUN-1001 :   default_reg_initial   |    auto    |       auto       |        
RUN-1001 :        infer_add        |     on     |        on        |        
RUN-1001 :        infer_fsm        |    off     |       off        |        
RUN-1001 :        infer_mult       |     on     |        on        |        
RUN-1001 :        infer_ram        |     on     |        on        |        
RUN-1001 :        infer_reg        |     on     |        on        |        
RUN-1001 :   infer_reg_init_value  |     on     |        on        |        
RUN-1001 :        infer_rom        |     on     |        on        |        
RUN-1001 :      infer_shifter      |     on     |        on        |        
RUN-1001 : --------------------------------------------------------------
HDL-5007 WARNING: port 'TDO' remains unconnected for this instance in ../../../RTL/CortexM3_TD.v(187)
HDL-1007 : elaborate module CortexM3 in ../../../RTL/CortexM3_TD.v(1)
HDL-1007 : elaborate module PH1_LOGIC_BUFG in D:/Anlogic/TD5.6.56362/arch/ph1_v2_macro.v(8560)
HDL-1007 : elaborate module PLL in ../../al_ip/PLL.v(22)
HDL-1007 : elaborate module PH1_PHY_PLL(CLKC0_CPHASE=19,CLKC0_DIV=20,CLKC0_DUTY_INT=10,CLKC0_ENABLE="ENABLE",FIN="50.000",PLL_USR_RST="ENABLE",PLL_FEED_TYPE="EXTERNAL",SSC_RNGE=0) in D:/Anlogic/TD5.6.56362/arch/ph1_v2_macro.v(619)
HDL-1007 : elaborate module cortexm3ds_logic in ../../../RTL/core/cortexm3ds_logic.v(27)
HDL-1007 : elaborate module AhbMtx in ../../../RTL/bus/AhbMtx/AhbMtx.v(48)
HDL-1007 : elaborate module AhbMtxInStg in ../../../RTL/bus/AhbMtx/AhbMtxInStg.v(32)
HDL-1007 : elaborate module AhbMtxDecS0 in ../../../RTL/bus/AhbMtx/AhbMtxDecS0.v(36)
HDL-1007 : elaborate module AhbMtx_default_slave in ../../../RTL/bus/AhbMtx/AhbMtx_default_slave.v(31)
HDL-1007 : elaborate module AhbMtxDecS1 in ../../../RTL/bus/AhbMtx/AhbMtxDecS1.v(36)
HDL-1007 : elaborate module AhbMtxDecS2 in ../../../RTL/bus/AhbMtx/AhbMtxDecS2.v(36)
HDL-1007 : elaborate module AhbMtxOutStgM0 in ../../../RTL/bus/AhbMtx/AhbMtxOutStgM0.v(35)
HDL-1007 : elaborate module AhbMtxArbM0 in ../../../RTL/bus/AhbMtx/AhbMtxArbM0.v(35)
HDL-1007 : elaborate module AhbMtxOutStgM1 in ../../../RTL/bus/AhbMtx/AhbMtxOutStgM1.v(38)
HDL-1007 : elaborate module AhbMtxArbM1 in ../../../RTL/bus/AhbMtx/AhbMtxArbM1.v(39)
HDL-1007 : elaborate module AhbMtxOutStgM2 in ../../../RTL/bus/AhbMtx/AhbMtxOutStgM2.v(38)
HDL-1007 : elaborate module AhbMtxArbM2 in ../../../RTL/bus/AhbMtx/AhbMtxArbM2.v(39)
HDL-5007 WARNING: actual bit length 2 differs from formal bit length 4 for port 'HMASTERM0' in ../../../RTL/CortexM3_TD.v(416)
HDL-5007 WARNING: actual bit length 2 differs from formal bit length 4 for port 'HMASTERM1' in ../../../RTL/CortexM3_TD.v(435)
HDL-5007 WARNING: actual bit length 2 differs from formal bit length 4 for port 'HMASTERM2' in ../../../RTL/CortexM3_TD.v(454)
HDL-1007 : elaborate module cmsdk_ahb_to_sram in ../../../RTL/peripheral/sram/cmsdk_ahb_to_sram.v(26)
HDL-5007 WARNING: actual bit length 32 differs from formal bit length 16 for port 'HADDR' in ../../../RTL/CortexM3_TD.v(490)
HDL-1007 : elaborate module cmsdk_fpga_sram(AW=14) in ../../../RTL/peripheral/sram/cmsdk_fpga_sram.v(27)
HDL-1007 : extracting RAM for identifier 'BRAM' in ../../../RTL/peripheral/sram/cmsdk_fpga_sram.v(51)
HDL-1007 : elaborate module cmsdk_ahb_to_sram(AW=14) in ../../../RTL/peripheral/sram/cmsdk_ahb_to_sram.v(26)
HDL-5007 WARNING: actual bit length 32 differs from formal bit length 14 for port 'HADDR' in ../../../RTL/CortexM3_TD.v(534)
HDL-5007 WARNING: actual bit length 14 differs from formal bit length 12 for port 'SRAMADDR' in ../../../RTL/CortexM3_TD.v(540)
HDL-1007 : elaborate module cmsdk_fpga_sram in ../../../RTL/peripheral/sram/cmsdk_fpga_sram.v(27)
HDL-1007 : extracting RAM for identifier 'BRAM' in ../../../RTL/peripheral/sram/cmsdk_fpga_sram.v(51)
HDL-5007 WARNING: actual bit length 14 differs from formal bit length 12 for port 'ADDR' in ../../../RTL/CortexM3_TD.v(551)
HDL-1007 : elaborate module cmsdk_ahb_to_apb(REGISTER_WDATA=1) in ../../../RTL/bus/Apb/cmsdk_ahb_to_apb.v(31)
HDL-5007 WARNING: actual bit length 32 differs from formal bit length 16 for port 'HADDR' in ../../../RTL/CortexM3_TD.v(584)
HDL-1007 : elaborate module cmsdk_apb_slave_mux(PORT6_ENABLE=0,PORT7_ENABLE=0,PORT8_ENABLE=0,PORT9_ENABLE=0,PORT10_ENABLE=0,PORT11_ENABLE=0,PORT12_ENABLE=0,PORT13_ENABLE=0,PORT14_ENABLE=0,PORT15_ENABLE=0) in ../../../RTL/bus/Apb/cmsdk_apb_slave_mux.v(26)
HDL-1007 : elaborate module cmsdk_apb_uart in ../../../RTL/peripheral/uart/cmsdk_apb_uart.v(53)
HDL-1007 : elaborate module cmsdk_apb_timer in ../../../RTL/peripheral/timer/cmsdk_apb_timer.v(41)
HDL-1007 : elaborate module custom_apb_lcd in ../../../RTL/peripheral/lcd/custom_apb_lcd.v(1)
HDL-7007 CRITICAL-WARNING: 'PADDR' should be on the sensitivity list in ../../../RTL/peripheral/lcd/custom_apb_lcd.v(147)
HDL-7007 CRITICAL-WARNING: 'data_LCD_CS' should be on the sensitivity list in ../../../RTL/peripheral/lcd/custom_apb_lcd.v(148)
HDL-7007 CRITICAL-WARNING: 'data_LCD_RS' should be on the sensitivity list in ../../../RTL/peripheral/lcd/custom_apb_lcd.v(149)
HDL-7007 CRITICAL-WARNING: 'data_LCD_WR' should be on the sensitivity list in ../../../RTL/peripheral/lcd/custom_apb_lcd.v(150)
HDL-7007 CRITICAL-WARNING: 'data_LCD_RD' should be on the sensitivity list in ../../../RTL/peripheral/lcd/custom_apb_lcd.v(151)
HDL-7007 CRITICAL-WARNING: 'data_LCD_RST' should be on the sensitivity list in ../../../RTL/peripheral/lcd/custom_apb_lcd.v(152)
HDL-7007 CRITICAL-WARNING: 'data_LCD_BL_CTR' should be on the sensitivity list in ../../../RTL/peripheral/lcd/custom_apb_lcd.v(153)
HDL-7007 CRITICAL-WARNING: 'data_LCD_DATA' should be on the sensitivity list in ../../../RTL/peripheral/lcd/custom_apb_lcd.v(154)
HDL-7007 CRITICAL-WARNING: 'data_LCD_DATA' should be on the sensitivity list in ../../../RTL/peripheral/lcd/custom_apb_lcd.v(155)
HDL-7007 CRITICAL-WARNING: 'data_LCD_DATA' should be on the sensitivity list in ../../../RTL/peripheral/lcd/custom_apb_lcd.v(156)
HDL-7007 Similar messages will be suppressed.
HDL-5007 WARNING: actual bit length 16 differs from formal bit length 12 for port 'PADDR' in ../../../RTL/CortexM3_TD.v(832)
HDL-1007 : elaborate module custom_apb_key in ../../../RTL/peripheral/key/custom_apb_key.v(1)
HDL-5007 WARNING: actual bit length 16 differs from formal bit length 12 for port 'PADDR' in ../../../RTL/CortexM3_TD.v(860)
HDL-1007 : elaborate module custom_apb_led in ../../../RTL/peripheral/led/custom_apb_led.v(1)
HDL-7007 CRITICAL-WARNING: 'PADDR' should be on the sensitivity list in ../../../RTL/peripheral/led/custom_apb_led.v(67)
HDL-7007 CRITICAL-WARNING: 'data_led' should be on the sensitivity list in ../../../RTL/peripheral/led/custom_apb_led.v(68)
HDL-5007 WARNING: actual bit length 16 differs from formal bit length 12 for port 'PADDR' in ../../../RTL/CortexM3_TD.v(882)
HDL-1007 : elaborate module custom_apb_buzzer in ../../../RTL/peripheral/buzzer/custom_apb_buzzer.v(1)
HDL-7007 CRITICAL-WARNING: 'PADDR' should be on the sensitivity list in ../../../RTL/peripheral/buzzer/custom_apb_buzzer.v(67)
HDL-7007 CRITICAL-WARNING: 'data_buzzer' should be on the sensitivity list in ../../../RTL/peripheral/buzzer/custom_apb_buzzer.v(68)
HDL-5007 WARNING: actual bit length 16 differs from formal bit length 12 for port 'PADDR' in ../../../RTL/CortexM3_TD.v(904)
HDL-5001 WARNING: Contains anonymous inst(s) and/or net(s) that have not been renamed
HDL-1200 : Current top model is CortexM3
HDL-1100 : Inferred 2 RAMs.
RUN-1003 : finish command "elaborate -top CortexM3" in  7.739127s wall, 7.156250s user + 0.546875s system = 7.703125s CPU (99.5%)

RUN-1004 : used memory is 1016 MB, reserved memory is 1029 MB, peak memory is 1658 MB
RUN-1002 : start command "export_db CortexM3_elaborate.db"
RUN-1001 : Exported /
RUN-1001 : Exported flow parameters
RUN-1001 : Exported libs
RUN-1001 : Exported entities
RUN-1001 : Exported ports
RUN-1001 : Exported pins
RUN-1001 : Exported instances
RUN-1001 : Exported nets
RUN-1001 : Exported buses
RUN-1001 : Exported models
RUN-1001 : Exported congestions
RUN-1001 : Exported violations
RUN-1001 : Exported IO constraints
RUN-1001 : Exported Inst constraints
RUN-1003 : finish command "export_db CortexM3_elaborate.db" in  2.792459s wall, 4.343750s user + 0.062500s system = 4.406250s CPU (157.8%)

RUN-1004 : used memory is 1072 MB, reserved memory is 1101 MB, peak memory is 1658 MB
RUN-1002 : start command "read_adc ../../CortexM3_IO.adc"
RUN-1002 : start command "set_pin_assignment  CLK50m   LOCATION = B8; "
RUN-1002 : start command "set_pin_assignment  LCD_BL_CTR   LOCATION = H14; "
RUN-1002 : start command "set_pin_assignment  LCD_CS   LOCATION = A11; "
RUN-1002 : start command "set_pin_assignment  LCD_DATA[0]   LOCATION = D12; "
RUN-1002 : start command "set_pin_assignment  LCD_DATA[10]   LOCATION = F14; "
RUN-1002 : start command "set_pin_assignment  LCD_DATA[11]   LOCATION = F16; "
RUN-1002 : start command "set_pin_assignment  LCD_DATA[12]   LOCATION = G16; "
RUN-1002 : start command "set_pin_assignment  LCD_DATA[13]   LOCATION = F15; "
RUN-1002 : start command "set_pin_assignment  LCD_DATA[14]   LOCATION = H16; "
RUN-1002 : start command "set_pin_assignment  LCD_DATA[15]   LOCATION = G14; "
RUN-1002 : start command "set_pin_assignment  LCD_DATA[1]   LOCATION = A16; "
RUN-1002 : start command "set_pin_assignment  LCD_DATA[2]   LOCATION = D13; "
RUN-1002 : start command "set_pin_assignment  LCD_DATA[3]   LOCATION = C12; "
RUN-1002 : start command "set_pin_assignment  LCD_DATA[4]   LOCATION = B13; "
RUN-1002 : start command "set_pin_assignment  LCD_DATA[5]   LOCATION = B12; "
RUN-1002 : start command "set_pin_assignment  LCD_DATA[6]   LOCATION = B14; "
RUN-1002 : start command "set_pin_assignment  LCD_DATA[7]   LOCATION = D14; "
RUN-1002 : start command "set_pin_assignment  LCD_DATA[8]   LOCATION = F13; "
RUN-1002 : start command "set_pin_assignment  LCD_DATA[9]   LOCATION = C14; "
RUN-1002 : start command "set_pin_assignment  LCD_RD   LOCATION = A14; "
RUN-1002 : start command "set_pin_assignment  LCD_RS   LOCATION = A13; "
RUN-1002 : start command "set_pin_assignment  LCD_RST   LOCATION = A15; "
RUN-1002 : start command "set_pin_assignment  LCD_WR   LOCATION = B11; "
RUN-1002 : start command "set_pin_assignment  RSTn   LOCATION = R11; "
RUN-1002 : start command "set_pin_assignment  RXD   LOCATION = D15; "
RUN-1002 : start command "set_pin_assignment  SWCLK   LOCATION = B17; "
RUN-1002 : start command "set_pin_assignment  SWDIO   LOCATION = B16; "
RUN-1002 : start command "set_pin_assignment  TXD   LOCATION = D17; "
RUN-1002 : start command "set_pin_assignment  buzzerOut   LOCATION = C9; "
RUN-1002 : start command "set_pin_assignment  keyIn[0]   LOCATION = J18; "
RUN-1002 : start command "set_pin_assignment  keyIn[1]   LOCATION = E15; "
RUN-1002 : start command "set_pin_assignment  keyIn[2]   LOCATION = J17; "
RUN-1002 : start command "set_pin_assignment  keyIn[3]   LOCATION = E16; "
RUN-1002 : start command "set_pin_assignment  ledOut[0]   LOCATION = K17; "
RUN-1002 : start command "set_pin_assignment  ledOut[1]   LOCATION = K18; "
RUN-1001 : Starting of IO setups legality check.
RUN-1002 : start command "optimize_rtl"
RUN-1001 : Open license file D:/Anlogic/TD5.6.56362/license/Anlogic.lic
RUN-1001 : Print Global Property
RUN-1001 : ---------------------------------------------------------------
RUN-1001 :        Parameters        |  Settings  |  Default Values  |  Note  
RUN-1001 : ---------------------------------------------------------------
RUN-1001 :          message         |  standard  |     standard     |        
RUN-1001 :   mixed_pack_place_flow  |     on     |        on        |        
RUN-1001 :        syn_ip_flow       |    off     |       off        |        
RUN-1001 :          thread          |    auto    |       auto       |        
RUN-1001 : ---------------------------------------------------------------
RUN-1001 : Print Rtl Property
RUN-1001 : --------------------------------------------------------------
RUN-1001 :        Parameters       |  Settings  |  Default Values  |  Note  
RUN-1001 : --------------------------------------------------------------
RUN-1001 :       compress_add      |   ripple   |      ripple      |        
RUN-1001 :        elf_sload        |    off     |       off        |        
RUN-1001 :       fix_undriven      |     0      |        0         |        
RUN-1001 :         flatten         |    off     |       off        |        
RUN-1001 :       gate_sharing      |     on     |        on        |        
RUN-1001 :    hdl_warning_level    |   normal   |      normal      |        
RUN-1001 :   impl_internal_tribuf  |     on     |        on        |        
RUN-1001 :      impl_set_reset     |     on     |        on        |        
RUN-1001 :        infer_gsr        |    off     |       off        |        
RUN-1001 :      keep_hierarchy     |    auto    |       auto       |        
RUN-1001 :        max_fanout       |    9999    |       9999       |        
RUN-1001 :      max_oh2bin_len     |     10     |        10        |        
RUN-1001 :       merge_equal       |     on     |        on        |        
RUN-1001 :       merge_equiv       |     on     |        on        |        
RUN-1001 :        merge_mux        |    off     |       off        |        
RUN-1001 :     min_control_set     |     8      |        8         |        
RUN-1001 :      min_ripple_len     |    auto    |       auto       |        
RUN-1001 :       oh2bin_ratio      |    0.08    |       0.08       |        
RUN-1001 :     opt_adder_fanout    |     on     |        on        |        
RUN-1001 :        opt_arith        |     on     |        on        |        
RUN-1001 :       opt_big_gate      |    off     |       off        |        
RUN-1001 :        opt_const        |     on     |        on        |        
RUN-1001 :      opt_const_mult     |     on     |        on        |        
RUN-1001 :       opt_lessthan      |     on     |        on        |        
RUN-1001 :         opt_mux         |    off     |       off        |        
RUN-1001 :         opt_ram         |    high    |       high       |        
RUN-1001 :      rtl_sim_model      |    off     |       off        |        
RUN-1001 :         seq_syn         |     on     |        on        |        
RUN-1001 : --------------------------------------------------------------
SYN-1012 : SanityCheck: Model "CortexM3"
SYN-1012 : SanityCheck: Model "cmsdk_ahb_to_sram(AW=14)"
SYN-1012 : SanityCheck: Model "cmsdk_ahb_to_sram"
SYN-1012 : SanityCheck: Model "AhbMtx"
SYN-1012 : SanityCheck: Model "AhbMtxInStg"
SYN-1012 : SanityCheck: Model "AhbMtxDecS0"
SYN-1012 : SanityCheck: Model "AhbMtx_default_slave"
SYN-1012 : SanityCheck: Model "AhbMtxDecS1"
SYN-1012 : SanityCheck: Model "AhbMtxDecS2"
SYN-1012 : SanityCheck: Model "AhbMtxOutStgM0"
SYN-1012 : SanityCheck: Model "AhbMtxArbM0"
SYN-1012 : SanityCheck: Model "AhbMtxOutStgM1"
SYN-1012 : SanityCheck: Model "AhbMtxArbM1"
SYN-1012 : SanityCheck: Model "AhbMtxOutStgM2"
SYN-1012 : SanityCheck: Model "AhbMtxArbM2"
SYN-1012 : SanityCheck: Model "cmsdk_ahb_to_apb(REGISTER_WDATA=1)"
SYN-1012 : SanityCheck: Model "cmsdk_apb_slave_mux(PORT6_ENABLE=0,PORT7_ENABLE=0,PORT8_ENABLE=0,PORT9_ENABLE=0,PORT10_ENABLE=0,PORT11_ENABLE=0,PORT12_ENABLE=0,PORT13_ENABLE=0,PORT14_ENABLE=0,PORT15_ENABLE=0)"
SYN-1012 : SanityCheck: Model "custom_apb_buzzer"
SYN-1012 : SanityCheck: Model "cmsdk_fpga_sram"
SYN-1012 : SanityCheck: Model "cmsdk_fpga_sram(AW=14)"
SYN-1012 : SanityCheck: Model "custom_apb_key"
SYN-1012 : SanityCheck: Model "custom_apb_lcd"
SYN-1012 : SanityCheck: Model "custom_apb_led"
SYN-1012 : SanityCheck: Model "PLL"
SYN-1012 : SanityCheck: Model "cmsdk_apb_timer"
SYN-1012 : SanityCheck: Model "cmsdk_apb_uart"
SYN-1012 : SanityCheck: Model "cortexm3ds_logic"
SYN-1043 : Mark PLL as IO macro for instance bufg_feedback
SYN-1011 : Flatten model CortexM3
SYN-1032 : 101429/6104 useful/useless nets, 97807/5026 useful/useless insts
SYN-1001 : Optimize 2 less-than instances
SYN-1016 : Merged 2820 instances.
SYN-1025 : Merged 6 RAM ports.
SYN-1027 : Infer Logic DRAM(DTCM/ramread0_syn_15) read 4096x8, write 4096x8
SYN-1027 : Infer Logic DRAM(DTCM/ramread0_syn_20) read 4096x8, write 4096x8
SYN-1027 : Infer Logic DRAM(DTCM/ramread0_syn_25) read 4096x8, write 4096x8
SYN-1027 : Infer Logic DRAM(DTCM/ramread0_syn_30) read 4096x8, write 4096x8
SYN-1027 : Infer Logic DRAM(ITCM/ramread0_syn_15) read 16384x8, write 16384x8
SYN-1027 : Infer Logic DRAM(ITCM/ramread0_syn_20) read 16384x8, write 16384x8
SYN-1027 : Infer Logic DRAM(ITCM/ramread0_syn_25) read 16384x8, write 16384x8
SYN-1027 : Infer Logic DRAM(ITCM/ramread0_syn_30) read 16384x8, write 16384x8
SYN-1023 : Infer 8 Logic DRAMs, 0 Logic BRAMs.
SYN-1032 : 90128/4168 useful/useless nets, 87116/2778 useful/useless insts
SYN-1016 : Merged 1007 instances.
SYN-5011 WARNING: Undriven pin: model "CortexM3" / inst "AhbMtx/u_ahbmtxoutstgm0_0/mux0_syn_17" in ../../../RTL/bus/AhbMtx/AhbMtxOutStgM0.v(309) / pin "i1"
SYN-5025 WARNING: Using 0 for all undriven pins and nets
SYN-1032 : 89796/21 useful/useless nets, 88769/216 useful/useless insts
SYN-3003 : Optimized 5 equivalent DFF(s)
SYN-3004 : Optimized 4 const0 DFF(s)
SYN-3004 : Optimized 18 const0 DFF(s)
SYN-3004 : Optimized 41 const0 DFF(s)
SYN-3004 : Optimized 7 const0 DFF(s)
SYN-3003 : Optimized 1 equivalent DFF(s)
SYN-3003 : Optimized 1 equivalent DFF(s)
SYN-3003 : Optimized 1 equivalent DFF(s)
SYN-3003 : Optimized 2 equivalent DFF(s)
SYN-3003 : Optimized 1 equivalent DFF(s)
SYN-3004 : Optimized 4 const0 DFF(s)
SYN-3003 : Optimized 2 equivalent DFF(s)
SYN-3004 : Optimized 3 const0 DFF(s)
SYN-3008 : Optimized 2 const1 DFF(s)
SYN-3004 : Optimized 77 const0 DFF(s)
SYN-1032 : 88610/1186 useful/useless nets, 87585/1015 useful/useless insts
SYN-1014 : Optimize round 1
SYN-1044 : Optimized 27 inv instances.
SYN-1032 : 87643/140 useful/useless nets, 86618/199 useful/useless insts
SYN-1017 : Remove 1 const input seq instances
SYN-1002 :     ulogic/B2fnz6_reg_syn_2
SYN-1019 : Optimized 106 mux instances.
SYN-1021 : Optimized 126 onehot mux instances.
SYN-1020 : Optimized 141 distributor mux.
SYN-1001 : Optimize 2 less-than instances
SYN-1019 : Optimized 18 mux instances.
SYN-1016 : Merged 1374 instances.
SYN-1015 : Optimize round 1, 9571 better
SYN-1014 : Optimize round 2
SYN-1044 : Optimized 108 inv instances.
SYN-1032 : 83357/364 useful/useless nets, 82344/388 useful/useless insts
SYN-1017 : Remove 3 const input seq instances
SYN-1002 :     ulogic/Dtv917_reg_syn_2
SYN-1002 :     ulogic/Aov917_reg_syn_2
SYN-1002 :     ulogic/Kdynz6_reg_syn_2
SYN-1019 : Optimized 1 mux instances.
SYN-1016 : Merged 2 instances.
SYN-1015 : Optimize round 2, 1001 better
SYN-1014 : Optimize round 3
SYN-1016 : Merged 3 instances.
SYN-1015 : Optimize round 3, 19 better
SYN-1014 : Optimize round 4
SYN-1015 : Optimize round 4, 0 better
RUN-1003 : finish command "optimize_rtl" in  41.857375s wall, 40.109375s user + 1.562500s system = 41.671875s CPU (99.6%)

RUN-1004 : used memory is 1063 MB, reserved memory is 1096 MB, peak memory is 1658 MB
RUN-1002 : start command "report_area -file CortexM3_rtl.area"
RUN-1001 : standard
***Report Model: CortexM3 Device: PH1A60GEG324***

IO Statistics
#IO                        35
  #input                    8
  #output                  26
  #inout                    1

Gate Statistics
#Basic gates            81242
  #and                  40161
  #nand                     0
  #or                    4644
  #nor                      0
  #xor                   1120
  #xnor                     0
  #buf                      0
  #not                  27668
  #bufif1                   1
  #MX21                  2195
  #FADD                     0
  #DFF                   5453
  #LATCH                    0
#MACRO_ADD                 57
#MACRO_EQ                 101
#MACRO_MULT                 1
#MACRO_MUX                910
#MACRO_OTHERS              10

Report Hierarchy Area:
+---------------------------------------------------------------------------+
|Instance                     |Module               |gates  |seq    |macros |
+---------------------------------------------------------------------------+
|top                          |CortexM3             |75789  |5453   |169    |
|  AhbDtcm                    |cmsdk_ahb_to_sram    |40     |51     |1      |
|  AhbItcm                    |cmsdk_ahb_to_sram    |40     |53     |1      |
|  AhbMtx                     |AhbMtx               |394    |125    |24     |
|    u_AhbMtxInStg_0          |AhbMtxInStg          |14     |30     |0      |
|    u_AhbMtxInStg_1          |AhbMtxInStg          |15     |34     |0      |
|    u_AhbMtxInStg_2          |AhbMtxInStg          |15     |38     |0      |
|    u_ahbmtxdecs0            |AhbMtxDecS0          |41     |3      |4      |
|      u_AhbMtx_default_slave |AhbMtx_default_slave |4      |2      |0      |
|    u_ahbmtxdecs1            |AhbMtxDecS1          |41     |3      |4      |
|      u_AhbMtx_default_slave |AhbMtx_default_slave |4      |2      |0      |
|    u_ahbmtxdecs2            |AhbMtxDecS2          |147    |5      |8      |
|      u_AhbMtx_default_slave |AhbMtx_default_slave |4      |2      |0      |
|    u_ahbmtxoutstgm0_0       |AhbMtxOutStgM0       |75     |3      |3      |
|      u_output_arb           |AhbMtxArbM0          |11     |2      |1      |
|    u_ahbmtxoutstgm1_1       |AhbMtxOutStgM1       |23     |4      |3      |
|      u_output_arb           |AhbMtxArbM1          |8      |2      |1      |
|    u_ahbmtxoutstgm2_2       |AhbMtxOutStgM2       |23     |5      |2      |
|      u_output_arb           |AhbMtxArbM2          |7      |2      |0      |
|  ApbBridge                  |cmsdk_ahb_to_apb     |10     |51     |4      |
|  ApbSystem                  |cmsdk_apb_slave_mux  |94     |0      |6      |
|  Buzzer                     |custom_apb_buzzer    |5      |1      |1      |
|  DTCM                       |cmsdk_fpga_sram      |0      |13     |4      |
|  ITCM                       |cmsdk_fpga_sram      |0      |15     |4      |
|  Key                        |custom_apb_key       |3      |4      |0      |
|  LCD                        |custom_apb_lcd       |36     |22     |32     |
|  LED                        |custom_apb_led       |5      |2      |0      |
|  SynClockTD$PLL             |PLL                  |0      |0      |1      |
|  Timer                      |cmsdk_apb_timer      |57     |77     |5      |
|  UART                       |cmsdk_apb_uart       |94     |116    |19     |
|  ulogic                     |cortexm3ds_logic     |75007  |4921   |66     |
+---------------------------------------------------------------------------+

RUN-1002 : start command "export_db CortexM3_rtl.db"
RUN-1001 : Exported /
RUN-1001 : Exported flow parameters
RUN-1001 : Exported libs
RUN-1001 : Exported entities
RUN-1001 : Exported ports
RUN-1001 : Exported pins
RUN-1001 : Exported instances
RUN-1001 : Exported nets
RUN-1001 : Exported buses
RUN-1001 : Exported models
RUN-1001 : Exported congestions
RUN-1001 : Exported violations
RUN-1001 : Exported IO constraints
RUN-1001 : Exported Inst constraints
RUN-1003 : finish command "export_db CortexM3_rtl.db" in  2.742797s wall, 4.515625s user + 0.000000s system = 4.515625s CPU (164.6%)

RUN-1004 : used memory is 1092 MB, reserved memory is 1116 MB, peak memory is 1658 MB
RUN-1002 : start command "read_sdc"
USR-1002 : read_sdc file_name -help -h -eco
USR-1009 : NO module with IP_SDC ...
RUN-1104 : Import SDC file  finished, there are 0 nets kept by constraints.
RUN-1002 : start command "optimize_gate -maparea CortexM3_gate.area"
RUN-1001 : Open license file D:/Anlogic/TD5.6.56362/license/Anlogic.lic
RUN-1001 : Print Global Property
RUN-1001 : ---------------------------------------------------------------
RUN-1001 :        Parameters        |  Settings  |  Default Values  |  Note  
RUN-1001 : ---------------------------------------------------------------
RUN-1001 :          message         |  standard  |     standard     |        
RUN-1001 :   mixed_pack_place_flow  |     on     |        on        |        
RUN-1001 :        syn_ip_flow       |    off     |       off        |        
RUN-1001 :          thread          |    auto    |       auto       |        
RUN-1001 : ---------------------------------------------------------------
RUN-1001 : Print Gate Property
RUN-1001 : ------------------------------------------------------------------
RUN-1001 :          Parameters         |  Settings  |  Default Values  |  Note  
RUN-1001 : ------------------------------------------------------------------
RUN-1001 :         cascade_dsp         |    off     |       off        |        
RUN-1001 :         cascade_eram        |    off     |       off        |        
RUN-1001 :        gate_sim_model       |    off     |       off        |        
RUN-1001 :        map_sim_model        |    off     |       off        |        
RUN-1001 :         map_strategy        |     1      |        1         |        
RUN-1001 :           opt_area          |   medium   |      medium      |        
RUN-1001 :          opt_timing         |    auto    |       auto       |        
RUN-1001 :         pack_effort         |   medium   |      medium      |        
RUN-1001 :      pack_lslice_ripple     |     on     |        on        |        
RUN-1001 :   pack_lslice_ripple_ratio  |    0.5     |       0.5        |        
RUN-1001 :        pack_seq_in_io       |    auto    |       auto       |        
RUN-1001 :        ph1_mux_ratio        |    1.0     |       1.0        |        
RUN-1001 :            report           |  standard  |     standard     |        
RUN-1001 :           retiming          |    off     |       off        |        
RUN-1001 : ------------------------------------------------------------------
SYN-6019 WARNING: None clock-capable pad connect with clk net SWCLK, will suffer from clock performance degradation.
SYN-2001 : Map 35 IOs to PADs
SYN-1032 : 83373/0 useful/useless nets, 82359/1 useful/useless insts
RUN-1002 : start command "update_pll_param -module CortexM3"
SYN-2501 : Processed 0 LOGIC_BUF instances.
SYN-2501 : 2 BUFG to GCLK
SYN-2531 : Dram(DTCM/ramread0_syn_15) write 4096x8, read 4096x8
SYN-2531 : Dram(DTCM/ramread0_syn_20) write 4096x8, read 4096x8
SYN-2531 : Dram(DTCM/ramread0_syn_25) write 4096x8, read 4096x8
SYN-2531 : Dram(DTCM/ramread0_syn_30) write 4096x8, read 4096x8
SYN-2531 : Dram(ITCM/ramread0_syn_15) write 16384x8, read 16384x8
SYN-2531 : Dram(ITCM/ramread0_syn_20) write 16384x8, read 16384x8
SYN-2531 : Dram(ITCM/ramread0_syn_25) write 16384x8, read 16384x8
SYN-2531 : Dram(ITCM/ramread0_syn_30) write 16384x8, read 16384x8
SYN-2571 : Map 1 macro multiplier
SYN-2571 : Optimize after map_dsp, round 1
SYN-1032 : 97534/75 useful/useless nets, 87516/0 useful/useless insts
SYN-1016 : Merged 1259 instances.
SYN-2571 : Optimize after map_dsp, round 1, 1334 better
SYN-2571 : Optimize after map_dsp, round 2
SYN-2571 : Optimize after map_dsp, round 2, 0 better
SYN-1032 : 96262/121 useful/useless nets, 86256/1 useful/useless insts
SYN-1001 : Throwback 589 control mux instances
SYN-1001 : Convert 3 adder
RUN-1002 : start command "start_timer -prepack"
RUN-1003 : finish command "start_timer -prepack" in  3.079224s wall, 2.968750s user + 0.078125s system = 3.046875s CPU (98.9%)

RUN-1004 : used memory is 1398 MB, reserved memory is 1429 MB, peak memory is 1658 MB
SYN-2501 : Optimize round 1
SYN-1032 : 98301/123 useful/useless nets, 88432/54 useful/useless insts
SYN-1016 : Merged 293 instances.
SYN-2501 : Optimize round 1, 875 better
SYN-2501 : Optimize round 2
SYN-2501 : Optimize round 2, 0 better
SYN-2501 : Map 46 macro adder
SYN-3001 : Mapper mapped 26 instances into 4 LUTs, name keeping = 100%.
SYN-3001 : Mapper mapped 26 instances into 4 LUTs, name keeping = 100%.
SYN-3001 : Mapper mapped 7 instances into 1 LUTs, name keeping = 100%.
SYN-3001 : Mapper mapped 7 instances into 1 LUTs, name keeping = 100%.
SYN-3001 : Mapper mapped 15 instances into 1 LUTs, name keeping = 100%.
SYN-3001 : Mapper mapped 15 instances into 1 LUTs, name keeping = 100%.
SYN-3001 : Mapper mapped 15 instances into 1 LUTs, name keeping = 100%.
SYN-3001 : Mapper mapped 15 instances into 1 LUTs, name keeping = 100%.
SYN-3001 : Mapper mapped 15 instances into 1 LUTs, name keeping = 100%.
SYN-3001 : Mapper mapped 15 instances into 1 LUTs, name keeping = 100%.
SYN-3001 : Mapper mapped 15 instances into 1 LUTs, name keeping = 100%.
SYN-3001 : Mapper mapped 15 instances into 1 LUTs, name keeping = 100%.
SYN-2501 : Inferred 10 ROM instances
SYN-3007 : Map mux "DTCM/ramread0_syn_2339" with ph1 mux
SYN-3007 : Map mux "DTCM/ramread0_syn_2340" with ph1 mux
SYN-3007 : Map mux "DTCM/ramread0_syn_2341" with ph1 mux
SYN-3007 : Map mux "DTCM/ramread0_syn_2342" with ph1 mux
SYN-3007 : Map mux "DTCM/ramread0_syn_2343" with ph1 mux
SYN-3007 : Map mux "DTCM/ramread0_syn_2344" with ph1 mux
SYN-3007 : Map mux "DTCM/ramread0_syn_2345" with ph1 mux
SYN-3007 : Map mux "DTCM/ramread0_syn_2346" with ph1 mux
SYN-3007 : Map mux "DTCM/ramread0_syn_2347" with ph1 mux
SYN-3007 : Map mux "DTCM/ramread0_syn_2348" with ph1 mux
SYN-3007 : Map mux "DTCM/ramread0_syn_2349" with ph1 mux
SYN-3007 : Map mux "DTCM/ramread0_syn_2350" with ph1 mux
SYN-3007 : Map mux "DTCM/ramread0_syn_2351" with ph1 mux
SYN-3007 : Map mux "DTCM/ramread0_syn_2352" with ph1 mux
SYN-3007 : Map mux "DTCM/ramread0_syn_2353" with ph1 mux
SYN-3007 : Map mux "DTCM/ramread0_syn_2354" with ph1 mux
SYN-3007 : Map mux "DTCM/ramread0_syn_2355" with ph1 mux
SYN-3007 : Map mux "DTCM/ramread0_syn_2356" with ph1 mux
SYN-3007 : Map mux "DTCM/ramread0_syn_2357" with ph1 mux
SYN-3007 : Map mux "DTCM/ramread0_syn_2358" with ph1 mux
SYN-3007 : Map mux "DTCM/ramread0_syn_2359" with ph1 mux
SYN-3007 : Map mux "DTCM/ramread0_syn_2360" with ph1 mux
SYN-3007 : Map mux "DTCM/ramread0_syn_2361" with ph1 mux
SYN-3007 : Map mux "DTCM/ramread0_syn_2362" with ph1 mux
SYN-3007 : Map mux "DTCM/ramread0_syn_2363" with ph1 mux
SYN-3007 : Map mux "DTCM/ramread0_syn_2364" with ph1 mux
SYN-3007 : Map mux "DTCM/ramread0_syn_2365" with ph1 mux
SYN-3007 : Map mux "DTCM/ramread0_syn_2366" with ph1 mux
SYN-3007 : Map mux "DTCM/ramread0_syn_2367" with ph1 mux
SYN-3007 : Map mux "DTCM/ramread0_syn_2368" with ph1 mux
SYN-3007 : Map mux "DTCM/ramread0_syn_2369" with ph1 mux
SYN-3007 : Map mux "DTCM/ramread0_syn_2370" with ph1 mux
SYN-3007 : Map mux "ITCM/ramread0_syn_9251" with ph1 mux
SYN-3007 : Map mux "ITCM/ramread0_syn_9252" with ph1 mux
SYN-3007 : Map mux "ITCM/ramread0_syn_9253" with ph1 mux
SYN-3007 : Map mux "ITCM/ramread0_syn_9254" with ph1 mux
SYN-3007 : Map mux "ITCM/ramread0_syn_9255" with ph1 mux
SYN-3007 : Map mux "ITCM/ramread0_syn_9256" with ph1 mux
SYN-3007 : Map mux "ITCM/ramread0_syn_9257" with ph1 mux
SYN-3007 : Map mux "ITCM/ramread0_syn_9258" with ph1 mux
SYN-3007 : Map mux "ITCM/ramread0_syn_9259" with ph1 mux
SYN-3007 : Map mux "ITCM/ramread0_syn_9260" with ph1 mux
SYN-3007 : Map mux "ITCM/ramread0_syn_9261" with ph1 mux
SYN-3007 : Map mux "ITCM/ramread0_syn_9262" with ph1 mux
SYN-3007 : Map mux "ITCM/ramread0_syn_9263" with ph1 mux
SYN-3007 : Map mux "ITCM/ramread0_syn_9264" with ph1 mux
SYN-3007 : Map mux "ITCM/ramread0_syn_9265" with ph1 mux
SYN-3007 : Map mux "ITCM/ramread0_syn_9266" with ph1 mux
SYN-3007 : Map mux "ITCM/ramread0_syn_9267" with ph1 mux
SYN-3007 : Map mux "ITCM/ramread0_syn_9268" with ph1 mux
SYN-3007 : Map mux "ITCM/ramread0_syn_9269" with ph1 mux
SYN-3007 : Map mux "ITCM/ramread0_syn_9270" with ph1 mux
SYN-3007 : Map mux "ITCM/ramread0_syn_9271" with ph1 mux
SYN-3007 : Map mux "ITCM/ramread0_syn_9272" with ph1 mux
SYN-3007 : Map mux "ITCM/ramread0_syn_9273" with ph1 mux
SYN-3007 : Map mux "ITCM/ramread0_syn_9274" with ph1 mux
SYN-3007 : Map mux "ITCM/ramread0_syn_9275" with ph1 mux
SYN-3007 : Map mux "ITCM/ramread0_syn_9276" with ph1 mux
SYN-3007 : Map mux "ITCM/ramread0_syn_9277" with ph1 mux
SYN-3007 : Map mux "ITCM/ramread0_syn_9278" with ph1 mux
SYN-3007 : Map mux "ITCM/ramread0_syn_9279" with ph1 mux
SYN-3007 : Map mux "ITCM/ramread0_syn_9280" with ph1 mux
SYN-3007 : Map mux "ITCM/ramread0_syn_9281" with ph1 mux
SYN-3007 : Map mux "ITCM/ramread0_syn_9282" with ph1 mux
SYN-1019 : Optimized 60 mux instances.
SYN-1016 : Merged 88 instances.
SYN-1032 : 103765/81 useful/useless nets, 93896/0 useful/useless insts
RUN-1002 : start command "start_timer -prepack"
TMR-2505 : Start building timing graph for model CortexM3.
TMR-2506 : Build timing graph completely. Port num: 16, tpin num: 311683, tnet num: 103763, tinst num: 93894, tnode num: 325277, tedge num: 390215.
TMR-2508 : Levelizing timing graph completed, there are 309 levels in total.
TMR-2501 : Timing graph initialized successfully.
RUN-1003 : finish command "start_timer -prepack" in  2.816345s wall, 2.750000s user + 0.062500s system = 2.812500s CPU (99.9%)

RUN-1004 : used memory is 1413 MB, reserved memory is 1449 MB, peak memory is 1658 MB
TMR-2503 : Start to update net delay, extr mode = 2.
TMR-2504 : Update delay of 103763 nets completely.
TMR-2502 : Annotate delay completely, extr mode = 2.
TMR-3001 : Initiate 0 clocks from SDC.
TMR-3004 : Map sdc constraints, there are 0 constraints in total.
TMR-3003 : Constraints initiated successfully.
TMR-3501 : Forward propagation: start to calculate arrival time...
TMR-3502 : Backward propagation: start to calculate required time...
TMR-3503 : Timing propagation completes.
SYN-3001 : Running gate level optimization.
SYN-2581 : Mapping with K=6, #lut = 17225 (4.52), #lev = 48 (21.78)
SYN-2551 : Post LUT mapping optimization.
SYN-2581 : Mapping with K=6, #lut = 16647 (4.31), #lev = 47 (20.97)
SYN-3001 : Logic optimization runtime opt =  22.79 sec, map =   0.00 sec
SYN-3001 : Mapper mapped 81545 instances into 16654 LUTs, name keeping = 44%.
SYN-3001 : Mapper removed 2 lut buffers
RUN-1002 : start command "report_area -file CortexM3_gate.area"
RUN-1001 : standard
***Report Model: CortexM3 Device: PH1A60GEG324***

IO Statistics
#IO                        35
  #input                    8
  #output                  26
  #inout                    1

Utilization Statistics
#lut                    20210
  #lut1                     5
  #lut2                  2799
  #lut3                  2720
  #lut4                  2537
  #lut5                  3683
  #lut6                  7638
  #1-bit adder            828
#reg                     5453   out of  78720    6.93%
  #dff                   5453
  #latch                    0
#f7mux                   1344   out of  19680    6.83%
#f8mux                    672   out of   9840    6.83%
#dsp                        3   out of    120    2.50%
#eram                       0   out of    158    0.00%
  #eram20k                  0
  #fifo20k                  0
#dram                    1280
#pad                       35   out of    211   16.59%
  #ireg                     0
  #oreg                     0
  #treg                     0
#pll                        1   out of     12    8.33%

Report Hierarchy Area:
+------------------------------------------------------------------------------------------------------------------------------------------------------+
|Instance                     |Module               |lut     |ripple  |seq     |eram    |dsp     |dram    |shifter |pll     |serdes  |pcie    |ddr     |
+------------------------------------------------------------------------------------------------------------------------------------------------------+
|top                          |CortexM3             |19382   |828     |5453    |0       |3       |1280    |0       |1       |0       |0       |0       |
|  AhbDtcm                    |cmsdk_ahb_to_sram    |45      |0       |51      |0       |0       |0       |0       |0       |0       |0       |0       |
|  AhbItcm                    |cmsdk_ahb_to_sram    |33      |0       |53      |0       |0       |0       |0       |0       |0       |0       |0       |
|  AhbMtx                     |AhbMtx               |42      |0       |125     |0       |0       |0       |0       |0       |0       |0       |0       |
|    u_AhbMtxInStg_0          |AhbMtxInStg          |2       |0       |30      |0       |0       |0       |0       |0       |0       |0       |0       |
|    u_AhbMtxInStg_1          |AhbMtxInStg          |2       |0       |34      |0       |0       |0       |0       |0       |0       |0       |0       |
|    u_AhbMtxInStg_2          |AhbMtxInStg          |3       |0       |38      |0       |0       |0       |0       |0       |0       |0       |0       |
|    u_ahbmtxdecs0            |AhbMtxDecS0          |3       |0       |3       |0       |0       |0       |0       |0       |0       |0       |0       |
|      u_AhbMtx_default_slave |AhbMtx_default_slave |2       |0       |2       |0       |0       |0       |0       |0       |0       |0       |0       |
|    u_ahbmtxdecs1            |AhbMtxDecS1          |3       |0       |3       |0       |0       |0       |0       |0       |0       |0       |0       |
|      u_AhbMtx_default_slave |AhbMtx_default_slave |2       |0       |2       |0       |0       |0       |0       |0       |0       |0       |0       |
|    u_ahbmtxdecs2            |AhbMtxDecS2          |6       |0       |5       |0       |0       |0       |0       |0       |0       |0       |0       |
|      u_AhbMtx_default_slave |AhbMtx_default_slave |3       |0       |2       |0       |0       |0       |0       |0       |0       |0       |0       |
|    u_ahbmtxoutstgm0_0       |AhbMtxOutStgM0       |6       |0       |3       |0       |0       |0       |0       |0       |0       |0       |0       |
|      u_output_arb           |AhbMtxArbM0          |6       |0       |2       |0       |0       |0       |0       |0       |0       |0       |0       |
|    u_ahbmtxoutstgm1_1       |AhbMtxOutStgM1       |5       |0       |4       |0       |0       |0       |0       |0       |0       |0       |0       |
|      u_output_arb           |AhbMtxArbM1          |4       |0       |2       |0       |0       |0       |0       |0       |0       |0       |0       |
|    u_ahbmtxoutstgm2_2       |AhbMtxOutStgM2       |12      |0       |5       |0       |0       |0       |0       |0       |0       |0       |0       |
|      u_output_arb           |AhbMtxArbM2          |9       |0       |2       |0       |0       |0       |0       |0       |0       |0       |0       |
|  ApbBridge                  |cmsdk_ahb_to_apb     |210     |0       |51      |0       |0       |0       |0       |0       |0       |0       |0       |
|  Buzzer                     |custom_apb_buzzer    |1       |0       |1       |0       |0       |0       |0       |0       |0       |0       |0       |
|  DTCM                       |cmsdk_fpga_sram      |973     |0       |13      |0       |0       |256     |0       |0       |0       |0       |0       |
|  ITCM                       |cmsdk_fpga_sram      |3530    |0       |15      |0       |0       |1024    |0       |0       |0       |0       |0       |
|  Key                        |custom_apb_key       |5       |0       |4       |0       |0       |0       |0       |0       |0       |0       |0       |
|  LCD                        |custom_apb_lcd       |31      |0       |22      |0       |0       |0       |0       |0       |0       |0       |0       |
|  LED                        |custom_apb_led       |3       |0       |2       |0       |0       |0       |0       |0       |0       |0       |0       |
|  SynClockTD$PLL             |PLL                  |0       |0       |0       |0       |0       |0       |0       |1       |0       |0       |0       |
|  Timer                      |cmsdk_apb_timer      |70      |33      |77      |0       |0       |0       |0       |0       |0       |0       |0       |
|  UART                       |cmsdk_apb_uart       |120     |17      |116     |0       |0       |0       |0       |0       |0       |0       |0       |
|  ulogic                     |cortexm3ds_logic     |14317   |778     |4921    |0       |3       |0       |0       |0       |0       |0       |0       |
+------------------------------------------------------------------------------------------------------------------------------------------------------+

SYN-1001 : Packing model "CortexM3" ...
SYN-4010 : Pack lib has 84 rtl pack models with 55 top pack blocks
SYN-1014 : Optimize round 1
SYN-1032 : 38820/2 useful/useless nets, 29001/2 useful/useless insts
SYN-1015 : Optimize round 1, 4 better
SYN-1014 : Optimize round 2
SYN-1015 : Optimize round 2, 0 better
SYN-4002 : Packing 5452 DFF/LATCH to SEQ ...
SYN-1001 : Remove 31 carry adders
SYN-4009 : Pack 30 carry chain into lslice
SYN-4012 : Packed 0 FxMUX
RUN-1003 : finish command "optimize_gate -maparea CortexM3_gate.area" in  104.766197s wall, 103.531250s user + 0.765625s system = 104.296875s CPU (99.6%)

RUN-1004 : used memory is 1312 MB, reserved memory is 1370 MB, peak memory is 1658 MB
RUN-1002 : start command "legalize_phy_inst"
SYN-1011 : Flatten model CortexM3
SYN-1032 : 52800/0 useful/useless nets, 37702/164 useful/useless insts
RUN-1002 : start command "export_db CortexM3_gate.db"
RUN-1001 : Exported /
RUN-1001 : Exported flow parameters
RUN-1001 : Exported libs
RUN-1001 : Exported entities
RUN-1001 : Exported ports
RUN-1001 : Exported pins
RUN-1001 : Exported instances
RUN-1001 : Exported nets
RUN-1001 : Exported buses
RUN-1001 : Exported models
RUN-1001 : Exported congestions
RUN-1001 : Exported violations
RUN-1001 : Exported timing constraints
RUN-1001 : Exported IO constraints
RUN-1001 : Exported Inst constraints
RUN-1003 : finish command "export_db CortexM3_gate.db" in  5.031064s wall, 8.640625s user + 0.000000s system = 8.640625s CPU (171.7%)

RUN-1004 : used memory is 1365 MB, reserved memory is 1426 MB, peak memory is 1658 MB
RUN-1002 : start command "backup_run_log run.log ../.logs/syn_1/td_20230719_235633.log"
