============================================================
   Tang Dynasty, V5.6.56362
   Copyright (c) 2012-2022 Anlogic
   Executable = D:/Anlogic/TD5.6.56362/bin/td.exe
   Built at =   19:51:00 Jul 25 2022
   Run by =     DELL
   Run Date =   Wed Jul 19 20:27:33 2023

   Run on =     DESKTOP-CF55MT9
============================================================
RUN-1002 : start command "open_project CortexM3.prj"
RUN-1001 : Print Global Property
RUN-1001 : ---------------------------------------------------------------
RUN-1001 :        Parameters        |  Settings  |  Default Values  |  Note  
RUN-1001 : ---------------------------------------------------------------
RUN-1001 :          message         |  standard  |     standard     |        
RUN-1001 :   mixed_pack_place_flow  |     on     |        on        |        
RUN-1001 :        syn_ip_flow       |    off     |       off        |        
RUN-1001 :          thread          |    auto    |       auto       |        
RUN-1001 : ---------------------------------------------------------------
RUN-1001 : Print Design Property
RUN-1001 : --------------------------------------------------------------
RUN-1001 :        Parameters       |  Settings  |  Default Values  |  Note  
RUN-1001 : --------------------------------------------------------------
RUN-1001 :   default_reg_initial   |    auto    |       auto       |        
RUN-1001 :        infer_add        |     on     |        on        |        
RUN-1001 :        infer_fsm        |    off     |       off        |        
RUN-1001 :        infer_mult       |     on     |        on        |        
RUN-1001 :        infer_ram        |     on     |        on        |        
RUN-1001 :        infer_reg        |     on     |        on        |        
RUN-1001 :   infer_reg_init_value  |     on     |        on        |        
RUN-1001 :        infer_rom        |     on     |        on        |        
RUN-1001 :      infer_shifter      |     on     |        on        |        
RUN-1001 : --------------------------------------------------------------
RUN-1001 : Print Rtl Property
RUN-1001 : --------------------------------------------------------------
RUN-1001 :        Parameters       |  Settings  |  Default Values  |  Note  
RUN-1001 : --------------------------------------------------------------
RUN-1001 :       compress_add      |   ripple   |      ripple      |        
RUN-1001 :        elf_sload        |    off     |       off        |        
RUN-1001 :       fix_undriven      |     0      |        0         |        
RUN-1001 :         flatten         |    off     |       off        |        
RUN-1001 :       gate_sharing      |     on     |        on        |        
RUN-1001 :    hdl_warning_level    |   normal   |      normal      |        
RUN-1001 :   impl_internal_tribuf  |     on     |        on        |        
RUN-1001 :      impl_set_reset     |     on     |        on        |        
RUN-1001 :        infer_gsr        |    off     |       off        |        
RUN-1001 :      keep_hierarchy     |    auto    |       auto       |        
RUN-1001 :        max_fanout       |    9999    |       9999       |        
RUN-1001 :      max_oh2bin_len     |     10     |        10        |        
RUN-1001 :       merge_equal       |     on     |        on        |        
RUN-1001 :       merge_equiv       |     on     |        on        |        
RUN-1001 :        merge_mux        |    off     |       off        |        
RUN-1001 :     min_control_set     |     8      |        8         |        
RUN-1001 :      min_ripple_len     |    auto    |       auto       |        
RUN-1001 :       oh2bin_ratio      |    0.08    |       0.08       |        
RUN-1001 :     opt_adder_fanout    |     on     |        on        |        
RUN-1001 :        opt_arith        |     on     |        on        |        
RUN-1001 :       opt_big_gate      |    off     |       off        |        
RUN-1001 :        opt_const        |     on     |        on        |        
RUN-1001 :      opt_const_mult     |     on     |        on        |        
RUN-1001 :       opt_lessthan      |     on     |        on        |        
RUN-1001 :         opt_mux         |    off     |       off        |        
RUN-1001 :         opt_ram         |    high    |       high       |        
RUN-1001 :      rtl_sim_model      |    off     |       off        |        
RUN-1001 :         seq_syn         |     on     |        on        |        
RUN-1001 : --------------------------------------------------------------
HDL-1007 : analyze verilog file ../../../RTL/CortexM3_TD.v
HDL-1007 : undeclared symbol 'TXEN', assumed default net type 'wire' in ../../../RTL/CortexM3_TD.v(788)
HDL-1007 : undeclared symbol 'BAUDTICK', assumed default net type 'wire' in ../../../RTL/CortexM3_TD.v(789)
HDL-1007 : analyze verilog file ../../../RTL/bus/AhbMtx/AhbMtx.v
HDL-1007 : analyze verilog file ../../../RTL/bus/AhbMtx/AhbMtxArbM0.v
HDL-1007 : analyze verilog file ../../../RTL/bus/AhbMtx/AhbMtxArbM1.v
HDL-1007 : analyze verilog file ../../../RTL/bus/AhbMtx/AhbMtxArbM2.v
HDL-1007 : analyze verilog file ../../../RTL/bus/AhbMtx/AhbMtxDecS0.v
HDL-1007 : analyze verilog file ../../../RTL/bus/AhbMtx/AhbMtxDecS1.v
HDL-1007 : analyze verilog file ../../../RTL/bus/AhbMtx/AhbMtxDecS2.v
HDL-1007 : analyze verilog file ../../../RTL/bus/AhbMtx/AhbMtxInStg.v
HDL-1007 : analyze verilog file ../../../RTL/bus/AhbMtx/AhbMtxOutStgM0.v
HDL-1007 : analyze verilog file ../../../RTL/bus/AhbMtx/AhbMtxOutStgM1.v
HDL-1007 : analyze verilog file ../../../RTL/bus/AhbMtx/AhbMtxOutStgM2.v
HDL-1007 : analyze verilog file ../../../RTL/bus/AhbMtx/AhbMtx_default_slave.v
HDL-1007 : analyze verilog file ../../../RTL/bus/Apb/cmsdk_ahb_to_apb.v
HDL-1007 : analyze verilog file ../../../RTL/bus/Apb/cmsdk_apb_slave_mux.v
HDL-1007 : analyze verilog file ../../../RTL/core/cortexm3ds_logic.v
HDL-1007 : analyze verilog file ../../../RTL/peripheral/buzzer/custom_apb_buzzer.v
HDL-1007 : undeclared symbol 'read_en', assumed default net type 'wire' in ../../../RTL/peripheral/buzzer/custom_apb_buzzer.v(36)
HDL-1007 : undeclared symbol 'write_en', assumed default net type 'wire' in ../../../RTL/peripheral/buzzer/custom_apb_buzzer.v(37)
HDL-1007 : analyze verilog file ../../../RTL/peripheral/key/custom_apb_key.v
HDL-1007 : undeclared symbol 'read_en', assumed default net type 'wire' in ../../../RTL/peripheral/key/custom_apb_key.v(36)
HDL-1007 : analyze verilog file ../../../RTL/peripheral/lcd/custom_apb_lcd.v
HDL-1007 : undeclared symbol 'read_en', assumed default net type 'wire' in ../../../RTL/peripheral/lcd/custom_apb_lcd.v(42)
HDL-1007 : undeclared symbol 'write_en', assumed default net type 'wire' in ../../../RTL/peripheral/lcd/custom_apb_lcd.v(43)
HDL-1007 : analyze verilog file ../../../RTL/peripheral/led/custom_apb_led.v
HDL-1007 : undeclared symbol 'read_en', assumed default net type 'wire' in ../../../RTL/peripheral/led/custom_apb_led.v(36)
HDL-1007 : undeclared symbol 'write_en', assumed default net type 'wire' in ../../../RTL/peripheral/led/custom_apb_led.v(37)
HDL-1007 : analyze verilog file ../../../RTL/peripheral/sram/cmsdk_ahb_to_sram.v
HDL-1007 : analyze verilog file ../../../RTL/peripheral/sram/cmsdk_fpga_sram.v
HDL-1007 : analyze verilog file ../../../RTL/peripheral/timer/cmsdk_apb_timer.v
HDL-1007 : analyze verilog file ../../../RTL/peripheral/uart/cmsdk_apb_uart.v
HDL-1007 : analyze verilog file ../../al_ip/PLL.v
HDL-1007 : undeclared symbol 'open', assumed default net type 'wire' in ../../al_ip/PLL.v(76)
RUN-1001 : Project manager successfully analyzed 25 source files.
RUN-1003 : finish command "open_project CortexM3.prj" in  2.572636s wall, 2.468750s user + 0.093750s system = 2.562500s CPU (99.6%)

RUN-1004 : used memory is 103 MB, reserved memory is 78 MB, peak memory is 103 MB
RUN-1002 : start command "import_device ph1_60.db -package PH1A60GEG324"
ARC-1001 : Device Initialization.
ARC-1001 : ---------------------------------------------------------------
ARC-1001 :           OPTION          |          IO          |   SETTING   
ARC-1001 : ---------------------------------------------------------------
ARC-1001 :   non_jtag_persist(none)  |        36 IOs        |    gpio    
ARC-1001 :            jtag           |  P8/E10/E12/E11/E13  |  dedicate  
ARC-1001 : ---------------------------------------------------------------
RUN-1003 : finish command "import_device ph1_60.db -package PH1A60GEG324" in  13.753441s wall, 13.484375s user + 0.234375s system = 13.718750s CPU (99.7%)

RUN-1004 : used memory is 660 MB, reserved memory is 656 MB, peak memory is 660 MB
RUN-1002 : start command "elaborate -top CortexM3"
RUN-1001 : Print Design Property
RUN-1001 : --------------------------------------------------------------
RUN-1001 :        Parameters       |  Settings  |  Default Values  |  Note  
RUN-1001 : --------------------------------------------------------------
RUN-1001 :   default_reg_initial   |    auto    |       auto       |        
RUN-1001 :        infer_add        |     on     |        on        |        
RUN-1001 :        infer_fsm        |    off     |       off        |        
RUN-1001 :        infer_mult       |     on     |        on        |        
RUN-1001 :        infer_ram        |     on     |        on        |        
RUN-1001 :        infer_reg        |     on     |        on        |        
RUN-1001 :   infer_reg_init_value  |     on     |        on        |        
RUN-1001 :        infer_rom        |     on     |        on        |        
RUN-1001 :      infer_shifter      |     on     |        on        |        
RUN-1001 : --------------------------------------------------------------
RUN-1001 : Print Rtl Property
RUN-1001 : --------------------------------------------------------------
RUN-1001 :        Parameters       |  Settings  |  Default Values  |  Note  
RUN-1001 : --------------------------------------------------------------
RUN-1001 :       compress_add      |   ripple   |      ripple      |        
RUN-1001 :        elf_sload        |    off     |       off        |        
RUN-1001 :       fix_undriven      |     0      |        0         |        
RUN-1001 :         flatten         |    off     |       off        |        
RUN-1001 :       gate_sharing      |     on     |        on        |        
RUN-1001 :    hdl_warning_level    |   normal   |      normal      |        
RUN-1001 :   impl_internal_tribuf  |     on     |        on        |        
RUN-1001 :      impl_set_reset     |     on     |        on        |        
RUN-1001 :        infer_gsr        |    off     |       off        |        
RUN-1001 :      keep_hierarchy     |    auto    |       auto       |        
RUN-1001 :        max_fanout       |    9999    |       9999       |        
RUN-1001 :      max_oh2bin_len     |     10     |        10        |        
RUN-1001 :       merge_equal       |     on     |        on        |        
RUN-1001 :       merge_equiv       |     on     |        on        |        
RUN-1001 :        merge_mux        |    off     |       off        |        
RUN-1001 :     min_control_set     |     8      |        8         |        
RUN-1001 :      min_ripple_len     |    auto    |       auto       |        
RUN-1001 :       oh2bin_ratio      |    0.08    |       0.08       |        
RUN-1001 :     opt_adder_fanout    |     on     |        on        |        
RUN-1001 :        opt_arith        |     on     |        on        |        
RUN-1001 :       opt_big_gate      |    off     |       off        |        
RUN-1001 :        opt_const        |     on     |        on        |        
RUN-1001 :      opt_const_mult     |     on     |        on        |        
RUN-1001 :       opt_lessthan      |     on     |        on        |        
RUN-1001 :         opt_mux         |    off     |       off        |        
RUN-1001 :         opt_ram         |    high    |       high       |        
RUN-1001 :      rtl_sim_model      |    off     |       off        |        
RUN-1001 :         seq_syn         |     on     |        on        |        
RUN-1001 : --------------------------------------------------------------
RUN-1001 : Print Global Property
RUN-1001 : ---------------------------------------------------------------
RUN-1001 :        Parameters        |  Settings  |  Default Values  |  Note  
RUN-1001 : ---------------------------------------------------------------
RUN-1001 :          message         |  standard  |     standard     |        
RUN-1001 :   mixed_pack_place_flow  |     on     |        on        |        
RUN-1001 :        syn_ip_flow       |    off     |       off        |        
RUN-1001 :          thread          |    auto    |       auto       |        
RUN-1001 : ---------------------------------------------------------------
RUN-1001 : Print Design Property
RUN-1001 : --------------------------------------------------------------
RUN-1001 :        Parameters       |  Settings  |  Default Values  |  Note  
RUN-1001 : --------------------------------------------------------------
RUN-1001 :   default_reg_initial   |    auto    |       auto       |        
RUN-1001 :        infer_add        |     on     |        on        |        
RUN-1001 :        infer_fsm        |    off     |       off        |        
RUN-1001 :        infer_mult       |     on     |        on        |        
RUN-1001 :        infer_ram        |     on     |        on        |        
RUN-1001 :        infer_reg        |     on     |        on        |        
RUN-1001 :   infer_reg_init_value  |     on     |        on        |        
RUN-1001 :        infer_rom        |     on     |        on        |        
RUN-1001 :      infer_shifter      |     on     |        on        |        
RUN-1001 : --------------------------------------------------------------
HDL-5007 WARNING: port 'TDO' remains unconnected for this instance in ../../../RTL/CortexM3_TD.v(187)
HDL-1007 : elaborate module CortexM3 in ../../../RTL/CortexM3_TD.v(1)
HDL-1007 : elaborate module PH1_LOGIC_BUFG in D:/Anlogic/TD5.6.56362/arch/ph1_v2_macro.v(8560)
HDL-1007 : elaborate module PLL in ../../al_ip/PLL.v(22)
HDL-1007 : elaborate module PH1_PHY_PLL(CLKC0_CPHASE=19,CLKC0_DIV=20,CLKC0_DUTY_INT=10,CLKC0_ENABLE="ENABLE",FIN="50.000",PLL_USR_RST="ENABLE",PLL_FEED_TYPE="EXTERNAL",SSC_RNGE=0) in D:/Anlogic/TD5.6.56362/arch/ph1_v2_macro.v(619)
HDL-1007 : elaborate module cortexm3ds_logic in ../../../RTL/core/cortexm3ds_logic.v(27)
HDL-1007 : elaborate module AhbMtx in ../../../RTL/bus/AhbMtx/AhbMtx.v(48)
HDL-1007 : elaborate module AhbMtxInStg in ../../../RTL/bus/AhbMtx/AhbMtxInStg.v(32)
HDL-1007 : elaborate module AhbMtxDecS0 in ../../../RTL/bus/AhbMtx/AhbMtxDecS0.v(36)
HDL-1007 : elaborate module AhbMtx_default_slave in ../../../RTL/bus/AhbMtx/AhbMtx_default_slave.v(31)
HDL-1007 : elaborate module AhbMtxDecS1 in ../../../RTL/bus/AhbMtx/AhbMtxDecS1.v(36)
HDL-1007 : elaborate module AhbMtxDecS2 in ../../../RTL/bus/AhbMtx/AhbMtxDecS2.v(36)
HDL-1007 : elaborate module AhbMtxOutStgM0 in ../../../RTL/bus/AhbMtx/AhbMtxOutStgM0.v(35)
HDL-1007 : elaborate module AhbMtxArbM0 in ../../../RTL/bus/AhbMtx/AhbMtxArbM0.v(35)
HDL-1007 : elaborate module AhbMtxOutStgM1 in ../../../RTL/bus/AhbMtx/AhbMtxOutStgM1.v(38)
HDL-1007 : elaborate module AhbMtxArbM1 in ../../../RTL/bus/AhbMtx/AhbMtxArbM1.v(39)
HDL-1007 : elaborate module AhbMtxOutStgM2 in ../../../RTL/bus/AhbMtx/AhbMtxOutStgM2.v(38)
HDL-1007 : elaborate module AhbMtxArbM2 in ../../../RTL/bus/AhbMtx/AhbMtxArbM2.v(39)
HDL-5007 WARNING: actual bit length 2 differs from formal bit length 4 for port 'HMASTERM0' in ../../../RTL/CortexM3_TD.v(416)
HDL-5007 WARNING: actual bit length 2 differs from formal bit length 4 for port 'HMASTERM1' in ../../../RTL/CortexM3_TD.v(435)
HDL-5007 WARNING: actual bit length 2 differs from formal bit length 4 for port 'HMASTERM2' in ../../../RTL/CortexM3_TD.v(454)
HDL-1007 : elaborate module cmsdk_ahb_to_sram(AW=12) in ../../../RTL/peripheral/sram/cmsdk_ahb_to_sram.v(26)
HDL-5007 WARNING: actual bit length 32 differs from formal bit length 12 for port 'HADDR' in ../../../RTL/CortexM3_TD.v(490)
HDL-5007 WARNING: actual bit length 14 differs from formal bit length 10 for port 'SRAMADDR' in ../../../RTL/CortexM3_TD.v(496)
HDL-1007 : elaborate module cmsdk_fpga_sram(AW=14) in ../../../RTL/peripheral/sram/cmsdk_fpga_sram.v(27)
HDL-1007 : extracting RAM for identifier 'BRAM' in ../../../RTL/peripheral/sram/cmsdk_fpga_sram.v(51)
HDL-5007 WARNING: actual bit length 32 differs from formal bit length 12 for port 'HADDR' in ../../../RTL/CortexM3_TD.v(534)
HDL-5007 WARNING: actual bit length 14 differs from formal bit length 10 for port 'SRAMADDR' in ../../../RTL/CortexM3_TD.v(540)
HDL-1007 : elaborate module cmsdk_fpga_sram in ../../../RTL/peripheral/sram/cmsdk_fpga_sram.v(27)
HDL-1007 : extracting RAM for identifier 'BRAM' in ../../../RTL/peripheral/sram/cmsdk_fpga_sram.v(51)
HDL-5007 WARNING: actual bit length 14 differs from formal bit length 12 for port 'ADDR' in ../../../RTL/CortexM3_TD.v(551)
HDL-1007 : elaborate module cmsdk_ahb_to_apb(REGISTER_WDATA=1) in ../../../RTL/bus/Apb/cmsdk_ahb_to_apb.v(31)
HDL-5007 WARNING: actual bit length 32 differs from formal bit length 16 for port 'HADDR' in ../../../RTL/CortexM3_TD.v(584)
HDL-1007 : elaborate module cmsdk_apb_slave_mux(PORT6_ENABLE=0,PORT7_ENABLE=0,PORT8_ENABLE=0,PORT9_ENABLE=0,PORT10_ENABLE=0,PORT11_ENABLE=0,PORT12_ENABLE=0,PORT13_ENABLE=0,PORT14_ENABLE=0,PORT15_ENABLE=0) in ../../../RTL/bus/Apb/cmsdk_apb_slave_mux.v(26)
HDL-1007 : elaborate module cmsdk_apb_uart in ../../../RTL/peripheral/uart/cmsdk_apb_uart.v(53)
HDL-1007 : elaborate module cmsdk_apb_timer in ../../../RTL/peripheral/timer/cmsdk_apb_timer.v(41)
HDL-1007 : elaborate module custom_apb_lcd in ../../../RTL/peripheral/lcd/custom_apb_lcd.v(1)
HDL-7007 CRITICAL-WARNING: 'PADDR' should be on the sensitivity list in ../../../RTL/peripheral/lcd/custom_apb_lcd.v(147)
HDL-7007 CRITICAL-WARNING: 'data_LCD_CS' should be on the sensitivity list in ../../../RTL/peripheral/lcd/custom_apb_lcd.v(148)
HDL-7007 CRITICAL-WARNING: 'data_LCD_RS' should be on the sensitivity list in ../../../RTL/peripheral/lcd/custom_apb_lcd.v(149)
HDL-7007 CRITICAL-WARNING: 'data_LCD_WR' should be on the sensitivity list in ../../../RTL/peripheral/lcd/custom_apb_lcd.v(150)
HDL-7007 CRITICAL-WARNING: 'data_LCD_RD' should be on the sensitivity list in ../../../RTL/peripheral/lcd/custom_apb_lcd.v(151)
HDL-7007 CRITICAL-WARNING: 'data_LCD_RST' should be on the sensitivity list in ../../../RTL/peripheral/lcd/custom_apb_lcd.v(152)
HDL-7007 CRITICAL-WARNING: 'data_LCD_BL_CTR' should be on the sensitivity list in ../../../RTL/peripheral/lcd/custom_apb_lcd.v(153)
HDL-7007 CRITICAL-WARNING: 'data_LCD_DATA' should be on the sensitivity list in ../../../RTL/peripheral/lcd/custom_apb_lcd.v(154)
HDL-7007 CRITICAL-WARNING: 'data_LCD_DATA' should be on the sensitivity list in ../../../RTL/peripheral/lcd/custom_apb_lcd.v(155)
HDL-7007 CRITICAL-WARNING: 'data_LCD_DATA' should be on the sensitivity list in ../../../RTL/peripheral/lcd/custom_apb_lcd.v(156)
HDL-7007 Similar messages will be suppressed.
HDL-5007 WARNING: actual bit length 16 differs from formal bit length 12 for port 'PADDR' in ../../../RTL/CortexM3_TD.v(832)
HDL-1007 : elaborate module custom_apb_key in ../../../RTL/peripheral/key/custom_apb_key.v(1)
HDL-5007 WARNING: actual bit length 16 differs from formal bit length 12 for port 'PADDR' in ../../../RTL/CortexM3_TD.v(860)
HDL-1007 : elaborate module custom_apb_led in ../../../RTL/peripheral/led/custom_apb_led.v(1)
HDL-7007 CRITICAL-WARNING: 'PADDR' should be on the sensitivity list in ../../../RTL/peripheral/led/custom_apb_led.v(67)
HDL-7007 CRITICAL-WARNING: 'data_led' should be on the sensitivity list in ../../../RTL/peripheral/led/custom_apb_led.v(68)
HDL-5007 WARNING: actual bit length 16 differs from formal bit length 12 for port 'PADDR' in ../../../RTL/CortexM3_TD.v(882)
HDL-1007 : elaborate module custom_apb_buzzer in ../../../RTL/peripheral/buzzer/custom_apb_buzzer.v(1)
HDL-7007 CRITICAL-WARNING: 'PADDR' should be on the sensitivity list in ../../../RTL/peripheral/buzzer/custom_apb_buzzer.v(67)
HDL-7007 CRITICAL-WARNING: 'data_buzzer' should be on the sensitivity list in ../../../RTL/peripheral/buzzer/custom_apb_buzzer.v(68)
HDL-5007 WARNING: actual bit length 16 differs from formal bit length 12 for port 'PADDR' in ../../../RTL/CortexM3_TD.v(904)
HDL-5001 WARNING: Contains anonymous inst(s) and/or net(s) that have not been renamed
HDL-1200 : Current top model is CortexM3
HDL-1100 : Inferred 2 RAMs.
RUN-1003 : finish command "elaborate -top CortexM3" in  7.489947s wall, 6.968750s user + 0.515625s system = 7.484375s CPU (99.9%)

RUN-1004 : used memory is 1015 MB, reserved memory is 1026 MB, peak memory is 1660 MB
RUN-1002 : start command "export_db CortexM3_elaborate.db"
RUN-1001 : Exported /
RUN-1001 : Exported flow parameters
RUN-1001 : Exported libs
RUN-1001 : Exported entities
RUN-1001 : Exported ports
RUN-1001 : Exported pins
RUN-1001 : Exported instances
RUN-1001 : Exported nets
RUN-1001 : Exported buses
RUN-1001 : Exported models
RUN-1001 : Exported congestions
RUN-1001 : Exported violations
RUN-1001 : Exported IO constraints
RUN-1001 : Exported Inst constraints
RUN-1003 : finish command "export_db CortexM3_elaborate.db" in  2.747666s wall, 4.343750s user + 0.046875s system = 4.390625s CPU (159.8%)

RUN-1004 : used memory is 1011 MB, reserved memory is 1023 MB, peak memory is 1660 MB
RUN-1002 : start command "read_adc ../../CortexM3_IO.adc"
RUN-1002 : start command "set_pin_assignment  CLK50m   LOCATION = B8; "
RUN-1002 : start command "set_pin_assignment  RSTn   LOCATION = R11; "
RUN-1002 : start command "set_pin_assignment  RXD   LOCATION = A9; "
RUN-1002 : start command "set_pin_assignment  SWCLK   LOCATION = D18; "
RUN-1002 : start command "set_pin_assignment  SWDIO   LOCATION = E18; "
RUN-1002 : start command "set_pin_assignment  TXD   LOCATION = C11; "
RUN-1001 : Starting of IO setups legality check.
USR-6010 WARNING: ADC constraints: top model pin LCD_BL_CTR has no constraint.
USR-6010 WARNING: ADC constraints: top model pin LCD_CS has no constraint.
USR-6010 WARNING: ADC constraints: top model pin LCD_DATA[15] has no constraint.
USR-6010 WARNING: ADC constraints: top model pin LCD_DATA[14] has no constraint.
USR-6010 WARNING: ADC constraints: top model pin LCD_DATA[13] has no constraint.
USR-6010 WARNING: ADC constraints: top model pin LCD_DATA[12] has no constraint.
USR-6010 WARNING: ADC constraints: top model pin LCD_DATA[11] has no constraint.
USR-6010 WARNING: ADC constraints: top model pin LCD_DATA[10] has no constraint.
USR-6010 WARNING: ADC constraints: top model pin LCD_DATA[9] has no constraint.
USR-6010 WARNING: ADC constraints: top model pin LCD_DATA[8] has no constraint.
USR-6010 Similar messages will be suppressed.
RUN-1002 : start command "optimize_rtl"
RUN-1001 : Open license file D:/Anlogic/TD5.6.56362/license/Anlogic.lic
RUN-1001 : Print Global Property
RUN-1001 : ---------------------------------------------------------------
RUN-1001 :        Parameters        |  Settings  |  Default Values  |  Note  
RUN-1001 : ---------------------------------------------------------------
RUN-1001 :          message         |  standard  |     standard     |        
RUN-1001 :   mixed_pack_place_flow  |     on     |        on        |        
RUN-1001 :        syn_ip_flow       |    off     |       off        |        
RUN-1001 :          thread          |    auto    |       auto       |        
RUN-1001 : ---------------------------------------------------------------
RUN-1001 : Print Rtl Property
RUN-1001 : --------------------------------------------------------------
RUN-1001 :        Parameters       |  Settings  |  Default Values  |  Note  
RUN-1001 : --------------------------------------------------------------
RUN-1001 :       compress_add      |   ripple   |      ripple      |        
RUN-1001 :        elf_sload        |    off     |       off        |        
RUN-1001 :       fix_undriven      |     0      |        0         |        
RUN-1001 :         flatten         |    off     |       off        |        
RUN-1001 :       gate_sharing      |     on     |        on        |        
RUN-1001 :    hdl_warning_level    |   normal   |      normal      |        
RUN-1001 :   impl_internal_tribuf  |     on     |        on        |        
RUN-1001 :      impl_set_reset     |     on     |        on        |        
RUN-1001 :        infer_gsr        |    off     |       off        |        
RUN-1001 :      keep_hierarchy     |    auto    |       auto       |        
RUN-1001 :        max_fanout       |    9999    |       9999       |        
RUN-1001 :      max_oh2bin_len     |     10     |        10        |        
RUN-1001 :       merge_equal       |     on     |        on        |        
RUN-1001 :       merge_equiv       |     on     |        on        |        
RUN-1001 :        merge_mux        |    off     |       off        |        
RUN-1001 :     min_control_set     |     8      |        8         |        
RUN-1001 :      min_ripple_len     |    auto    |       auto       |        
RUN-1001 :       oh2bin_ratio      |    0.08    |       0.08       |        
RUN-1001 :     opt_adder_fanout    |     on     |        on        |        
RUN-1001 :        opt_arith        |     on     |        on        |        
RUN-1001 :       opt_big_gate      |    off     |       off        |        
RUN-1001 :        opt_const        |     on     |        on        |        
RUN-1001 :      opt_const_mult     |     on     |        on        |        
RUN-1001 :       opt_lessthan      |     on     |        on        |        
RUN-1001 :         opt_mux         |    off     |       off        |        
RUN-1001 :         opt_ram         |    high    |       high       |        
RUN-1001 :      rtl_sim_model      |    off     |       off        |        
RUN-1001 :         seq_syn         |     on     |        on        |        
RUN-1001 : --------------------------------------------------------------
SYN-1012 : SanityCheck: Model "CortexM3"
SYN-1012 : SanityCheck: Model "cmsdk_ahb_to_sram(AW=12)"
SYN-1012 : SanityCheck: Model "AhbMtx"
SYN-1012 : SanityCheck: Model "AhbMtxInStg"
SYN-1012 : SanityCheck: Model "AhbMtxDecS0"
SYN-1012 : SanityCheck: Model "AhbMtx_default_slave"
SYN-1012 : SanityCheck: Model "AhbMtxDecS1"
SYN-1012 : SanityCheck: Model "AhbMtxDecS2"
SYN-1012 : SanityCheck: Model "AhbMtxOutStgM0"
SYN-1012 : SanityCheck: Model "AhbMtxArbM0"
SYN-1012 : SanityCheck: Model "AhbMtxOutStgM1"
SYN-1012 : SanityCheck: Model "AhbMtxArbM1"
SYN-1012 : SanityCheck: Model "AhbMtxOutStgM2"
SYN-1012 : SanityCheck: Model "AhbMtxArbM2"
SYN-1012 : SanityCheck: Model "cmsdk_ahb_to_apb(REGISTER_WDATA=1)"
SYN-1012 : SanityCheck: Model "cmsdk_apb_slave_mux(PORT6_ENABLE=0,PORT7_ENABLE=0,PORT8_ENABLE=0,PORT9_ENABLE=0,PORT10_ENABLE=0,PORT11_ENABLE=0,PORT12_ENABLE=0,PORT13_ENABLE=0,PORT14_ENABLE=0,PORT15_ENABLE=0)"
SYN-1012 : SanityCheck: Model "custom_apb_buzzer"
SYN-1012 : SanityCheck: Model "cmsdk_fpga_sram"
SYN-1012 : SanityCheck: Model "cmsdk_fpga_sram(AW=14)"
SYN-1012 : SanityCheck: Model "custom_apb_key"
SYN-1012 : SanityCheck: Model "custom_apb_lcd"
SYN-1012 : SanityCheck: Model "custom_apb_led"
SYN-1012 : SanityCheck: Model "PLL"
SYN-1012 : SanityCheck: Model "cmsdk_apb_timer"
SYN-1012 : SanityCheck: Model "cmsdk_apb_uart"
SYN-1012 : SanityCheck: Model "cortexm3ds_logic"
SYN-1043 : Mark PLL as IO macro for instance bufg_feedback
SYN-1011 : Flatten model CortexM3
SYN-1032 : 101411/6110 useful/useless nets, 97813/5026 useful/useless insts
SYN-1001 : Optimize 2 less-than instances
SYN-1016 : Merged 2820 instances.
SYN-1025 : Merged 6 RAM ports.
SYN-1027 : Infer Logic DRAM(DTCM/ramread0_syn_15) read 4096x8, write 4096x8
SYN-1027 : Infer Logic DRAM(DTCM/ramread0_syn_20) read 4096x8, write 4096x8
SYN-1027 : Infer Logic DRAM(DTCM/ramread0_syn_25) read 4096x8, write 4096x8
SYN-1027 : Infer Logic DRAM(DTCM/ramread0_syn_30) read 4096x8, write 4096x8
SYN-1027 : Infer Logic DRAM(ITCM/ramread0_syn_15) read 16384x8, write 16384x8
SYN-1027 : Infer Logic DRAM(ITCM/ramread0_syn_20) read 16384x8, write 16384x8
SYN-1027 : Infer Logic DRAM(ITCM/ramread0_syn_25) read 16384x8, write 16384x8
SYN-1027 : Infer Logic DRAM(ITCM/ramread0_syn_30) read 16384x8, write 16384x8
SYN-1023 : Infer 8 Logic DRAMs, 0 Logic BRAMs.
SYN-1032 : 90100/4172 useful/useless nets, 87116/2778 useful/useless insts
SYN-1016 : Merged 1015 instances.
SYN-5011 WARNING: Undriven pin: model "CortexM3" / inst "AhbMtx/u_ahbmtxoutstgm0_0/mux0_syn_13" in ../../../RTL/bus/AhbMtx/AhbMtxOutStgM0.v(309) / pin "i1"
SYN-5025 WARNING: Using 0 for all undriven pins and nets
SYN-1032 : 89764/21 useful/useless nets, 88737/222 useful/useless insts
SYN-3003 : Optimized 5 equivalent DFF(s)
SYN-3004 : Optimized 5 const0 DFF(s)
SYN-3004 : Optimized 18 const0 DFF(s)
SYN-3004 : Optimized 41 const0 DFF(s)
SYN-3004 : Optimized 7 const0 DFF(s)
SYN-3003 : Optimized 1 equivalent DFF(s)
SYN-3003 : Optimized 1 equivalent DFF(s)
SYN-3003 : Optimized 1 equivalent DFF(s)
SYN-3003 : Optimized 2 equivalent DFF(s)
SYN-3003 : Optimized 1 equivalent DFF(s)
SYN-3004 : Optimized 4 const0 DFF(s)
SYN-3003 : Optimized 2 equivalent DFF(s)
SYN-3004 : Optimized 3 const0 DFF(s)
SYN-3008 : Optimized 2 const1 DFF(s)
SYN-3004 : Optimized 77 const0 DFF(s)
SYN-1032 : 88577/1187 useful/useless nets, 87552/1015 useful/useless insts
SYN-1014 : Optimize round 1
SYN-1044 : Optimized 27 inv instances.
SYN-1032 : 87610/140 useful/useless nets, 86585/199 useful/useless insts
SYN-1017 : Remove 1 const input seq instances
SYN-1002 :     ulogic/B2fnz6_reg_syn_2
SYN-1019 : Optimized 106 mux instances.
SYN-1021 : Optimized 122 onehot mux instances.
SYN-1020 : Optimized 141 distributor mux.
SYN-1001 : Optimize 2 less-than instances
SYN-1019 : Optimized 18 mux instances.
SYN-1016 : Merged 1373 instances.
SYN-1015 : Optimize round 1, 9554 better
SYN-1014 : Optimize round 2
SYN-1044 : Optimized 108 inv instances.
SYN-1032 : 83279/408 useful/useless nets, 82266/440 useful/useless insts
SYN-1017 : Remove 3 const input seq instances
SYN-1002 :     ulogic/Dtv917_reg_syn_2
SYN-1002 :     ulogic/Aov917_reg_syn_2
SYN-1002 :     ulogic/Kdynz6_reg_syn_2
SYN-1019 : Optimized 1 mux instances.
SYN-1016 : Merged 2 instances.
SYN-1015 : Optimize round 2, 1097 better
SYN-1014 : Optimize round 3
SYN-1016 : Merged 3 instances.
SYN-1015 : Optimize round 3, 19 better
SYN-1014 : Optimize round 4
SYN-1015 : Optimize round 4, 0 better
RUN-1003 : finish command "optimize_rtl" in  40.563746s wall, 39.234375s user + 1.234375s system = 40.468750s CPU (99.8%)

RUN-1004 : used memory is 1057 MB, reserved memory is 1109 MB, peak memory is 1660 MB
RUN-1002 : start command "report_area -file CortexM3_rtl.area"
RUN-1001 : standard
***Report Model: CortexM3 Device: PH1A60GEG324***

IO Statistics
#IO                        35
  #input                    8
  #output                  26
  #inout                    1

Gate Statistics
#Basic gates            81184
  #and                  40142
  #nand                     0
  #or                    4643
  #nor                      0
  #xor                   1120
  #xnor                     0
  #buf                      0
  #not                  27654
  #bufif1                   1
  #MX21                  2191
  #FADD                     0
  #DFF                   5433
  #LATCH                    0
#MACRO_ADD                 57
#MACRO_EQ                 101
#MACRO_MULT                 1
#MACRO_MUX                890
#MACRO_OTHERS              10

Report Hierarchy Area:
+---------------------------------------------------------------------------+
|Instance                     |Module               |gates  |seq    |macros |
+---------------------------------------------------------------------------+
|top                          |CortexM3             |75751  |5433   |169    |
|  AhbDtcm                    |cmsdk_ahb_to_sram    |40     |49     |1      |
|  AhbItcm                    |cmsdk_ahb_to_sram    |40     |49     |1      |
|  AhbMtx                     |AhbMtx               |390    |117    |24     |
|    u_AhbMtxInStg_0          |AhbMtxInStg          |14     |26     |0      |
|    u_AhbMtxInStg_1          |AhbMtxInStg          |15     |30     |0      |
|    u_AhbMtxInStg_2          |AhbMtxInStg          |15     |38     |0      |
|    u_ahbmtxdecs0            |AhbMtxDecS0          |41     |3      |4      |
|      u_AhbMtx_default_slave |AhbMtx_default_slave |4      |2      |0      |
|    u_ahbmtxdecs1            |AhbMtxDecS1          |41     |3      |4      |
|      u_AhbMtx_default_slave |AhbMtx_default_slave |4      |2      |0      |
|    u_ahbmtxdecs2            |AhbMtxDecS2          |147    |5      |8      |
|      u_AhbMtx_default_slave |AhbMtx_default_slave |4      |2      |0      |
|    u_ahbmtxoutstgm0_0       |AhbMtxOutStgM0       |71     |3      |3      |
|      u_output_arb           |AhbMtxArbM0          |11     |2      |1      |
|    u_ahbmtxoutstgm1_1       |AhbMtxOutStgM1       |23     |4      |3      |
|      u_output_arb           |AhbMtxArbM1          |8      |2      |1      |
|    u_ahbmtxoutstgm2_2       |AhbMtxOutStgM2       |23     |5      |2      |
|      u_output_arb           |AhbMtxArbM2          |7      |2      |0      |
|  ApbBridge                  |cmsdk_ahb_to_apb     |10     |51     |4      |
|  ApbSystem                  |cmsdk_apb_slave_mux  |94     |0      |6      |
|  Buzzer                     |custom_apb_buzzer    |5      |1      |1      |
|  DTCM                       |cmsdk_fpga_sram      |0      |11     |4      |
|  ITCM                       |cmsdk_fpga_sram      |0      |11     |4      |
|  Key                        |custom_apb_key       |3      |4      |0      |
|  LCD                        |custom_apb_lcd       |36     |22     |32     |
|  LED                        |custom_apb_led       |5      |2      |0      |
|  SynClockTD$PLL             |PLL                  |0      |0      |1      |
|  Timer                      |cmsdk_apb_timer      |57     |77     |5      |
|  UART                       |cmsdk_apb_uart       |94     |116    |19     |
|  ulogic                     |cortexm3ds_logic     |74973  |4921   |66     |
+---------------------------------------------------------------------------+

RUN-1002 : start command "export_db CortexM3_rtl.db"
RUN-1001 : Exported /
RUN-1001 : Exported flow parameters
RUN-1001 : Exported libs
RUN-1001 : Exported entities
RUN-1001 : Exported ports
RUN-1001 : Exported pins
RUN-1001 : Exported instances
RUN-1001 : Exported nets
RUN-1001 : Exported buses
RUN-1001 : Exported models
RUN-1001 : Exported congestions
RUN-1001 : Exported violations
RUN-1001 : Exported IO constraints
RUN-1001 : Exported Inst constraints
RUN-1003 : finish command "export_db CortexM3_rtl.db" in  2.745563s wall, 4.531250s user + 0.000000s system = 4.531250s CPU (165.0%)

RUN-1004 : used memory is 1095 MB, reserved memory is 1114 MB, peak memory is 1660 MB
RUN-1002 : start command "read_sdc"
USR-1002 : read_sdc file_name -help -h -eco
USR-1009 : NO module with IP_SDC ...
RUN-1104 : Import SDC file  finished, there are 0 nets kept by constraints.
RUN-1002 : start command "optimize_gate -maparea CortexM3_gate.area"
RUN-1001 : Open license file D:/Anlogic/TD5.6.56362/license/Anlogic.lic
RUN-1001 : Print Global Property
RUN-1001 : ---------------------------------------------------------------
RUN-1001 :        Parameters        |  Settings  |  Default Values  |  Note  
RUN-1001 : ---------------------------------------------------------------
RUN-1001 :          message         |  standard  |     standard     |        
RUN-1001 :   mixed_pack_place_flow  |     on     |        on        |        
RUN-1001 :        syn_ip_flow       |    off     |       off        |        
RUN-1001 :          thread          |    auto    |       auto       |        
RUN-1001 : ---------------------------------------------------------------
RUN-1001 : Print Gate Property
RUN-1001 : ------------------------------------------------------------------
RUN-1001 :          Parameters         |  Settings  |  Default Values  |  Note  
RUN-1001 : ------------------------------------------------------------------
RUN-1001 :         cascade_dsp         |    off     |       off        |        
RUN-1001 :         cascade_eram        |    off     |       off        |        
RUN-1001 :        gate_sim_model       |    off     |       off        |        
RUN-1001 :        map_sim_model        |    off     |       off        |        
RUN-1001 :         map_strategy        |     1      |        1         |        
RUN-1001 :           opt_area          |   medium   |      medium      |        
RUN-1001 :          opt_timing         |    auto    |       auto       |        
RUN-1001 :         pack_effort         |   medium   |      medium      |        
RUN-1001 :      pack_lslice_ripple     |     on     |        on        |        
RUN-1001 :   pack_lslice_ripple_ratio  |    0.5     |       0.5        |        
RUN-1001 :        pack_seq_in_io       |    auto    |       auto       |        
RUN-1001 :        ph1_mux_ratio        |    1.0     |       1.0        |        
RUN-1001 :            report           |  standard  |     standard     |        
RUN-1001 :           retiming          |    off     |       off        |        
RUN-1001 : ------------------------------------------------------------------
SYN-6019 WARNING: None clock-capable pad connect with clk net SWCLK, will suffer from clock performance degradation.
SYN-2001 : Map 35 IOs to PADs
SYN-1032 : 83295/0 useful/useless nets, 82281/1 useful/useless insts
RUN-1002 : start command "update_pll_param -module CortexM3"
SYN-2501 : Processed 0 LOGIC_BUF instances.
SYN-2501 : 2 BUFG to GCLK
SYN-2531 : Dram(DTCM/ramread0_syn_15) write 4096x8, read 4096x8
SYN-2531 : Dram(DTCM/ramread0_syn_20) write 4096x8, read 4096x8
SYN-2531 : Dram(DTCM/ramread0_syn_25) write 4096x8, read 4096x8
SYN-2531 : Dram(DTCM/ramread0_syn_30) write 4096x8, read 4096x8
SYN-2531 : Dram(ITCM/ramread0_syn_15) write 16384x8, read 16384x8
SYN-2531 : Dram(ITCM/ramread0_syn_20) write 16384x8, read 16384x8
SYN-2531 : Dram(ITCM/ramread0_syn_25) write 16384x8, read 16384x8
SYN-2531 : Dram(ITCM/ramread0_syn_30) write 16384x8, read 16384x8
SYN-2571 : Map 1 macro multiplier
SYN-2571 : Optimize after map_dsp, round 1
SYN-1032 : 97384/75 useful/useless nets, 87366/0 useful/useless insts
SYN-1016 : Merged 1193 instances.
SYN-2571 : Optimize after map_dsp, round 1, 1268 better
SYN-2571 : Optimize after map_dsp, round 2
SYN-2571 : Optimize after map_dsp, round 2, 0 better
SYN-1032 : 96178/121 useful/useless nets, 86172/1 useful/useless insts
SYN-1019 : Optimized 64 mux instances.
SYN-1032 : 84682/2280 useful/useless nets, 82740/3432 useful/useless insts
SYN-1001 : Throwback 589 control mux instances
SYN-1001 : Convert 3 adder
RUN-1002 : start command "start_timer -prepack"
RUN-1003 : finish command "start_timer -prepack" in  2.520803s wall, 2.515625s user + 0.015625s system = 2.531250s CPU (100.4%)

RUN-1004 : used memory is 1338 MB, reserved memory is 1363 MB, peak memory is 1660 MB
SYN-2501 : Optimize round 1
SYN-1032 : 86685/123 useful/useless nets, 84880/54 useful/useless insts
SYN-1016 : Merged 293 instances.
SYN-2501 : Optimize round 1, 899 better
SYN-2501 : Optimize round 2
SYN-2501 : Optimize round 2, 0 better
SYN-2501 : Map 46 macro adder
SYN-3001 : Mapper mapped 26 instances into 4 LUTs, name keeping = 100%.
SYN-3001 : Mapper mapped 26 instances into 4 LUTs, name keeping = 100%.
SYN-3001 : Mapper mapped 7 instances into 1 LUTs, name keeping = 100%.
SYN-3001 : Mapper mapped 7 instances into 1 LUTs, name keeping = 100%.
SYN-3001 : Mapper mapped 15 instances into 1 LUTs, name keeping = 100%.
SYN-3001 : Mapper mapped 15 instances into 1 LUTs, name keeping = 100%.
SYN-3001 : Mapper mapped 15 instances into 1 LUTs, name keeping = 100%.
SYN-3001 : Mapper mapped 15 instances into 1 LUTs, name keeping = 100%.
SYN-3001 : Mapper mapped 15 instances into 1 LUTs, name keeping = 100%.
SYN-3001 : Mapper mapped 15 instances into 1 LUTs, name keeping = 100%.
SYN-3001 : Mapper mapped 15 instances into 1 LUTs, name keeping = 100%.
SYN-3001 : Mapper mapped 15 instances into 1 LUTs, name keeping = 100%.
SYN-2501 : Inferred 10 ROM instances
SYN-3007 : Map mux "DTCM/ramread0_syn_2372" with ph1 mux
SYN-3007 : Map mux "DTCM/ramread0_syn_2374" with ph1 mux
SYN-3007 : Map mux "DTCM/ramread0_syn_2376" with ph1 mux
SYN-3007 : Map mux "DTCM/ramread0_syn_2378" with ph1 mux
SYN-3007 : Map mux "DTCM/ramread0_syn_2380" with ph1 mux
SYN-3007 : Map mux "DTCM/ramread0_syn_2382" with ph1 mux
SYN-3007 : Map mux "DTCM/ramread0_syn_2384" with ph1 mux
SYN-3007 : Map mux "DTCM/ramread0_syn_2386" with ph1 mux
SYN-3007 : Map mux "DTCM/ramread0_syn_2388" with ph1 mux
SYN-3007 : Map mux "DTCM/ramread0_syn_2390" with ph1 mux
SYN-3007 : Map mux "DTCM/ramread0_syn_2392" with ph1 mux
SYN-3007 : Map mux "DTCM/ramread0_syn_2394" with ph1 mux
SYN-3007 : Map mux "DTCM/ramread0_syn_2396" with ph1 mux
SYN-3007 : Map mux "DTCM/ramread0_syn_2398" with ph1 mux
SYN-3007 : Map mux "DTCM/ramread0_syn_2400" with ph1 mux
SYN-3007 : Map mux "DTCM/ramread0_syn_2402" with ph1 mux
SYN-3007 : Map mux "DTCM/ramread0_syn_2404" with ph1 mux
SYN-3007 : Map mux "DTCM/ramread0_syn_2406" with ph1 mux
SYN-3007 : Map mux "DTCM/ramread0_syn_2408" with ph1 mux
SYN-3007 : Map mux "DTCM/ramread0_syn_2410" with ph1 mux
SYN-3007 : Map mux "DTCM/ramread0_syn_2412" with ph1 mux
SYN-3007 : Map mux "DTCM/ramread0_syn_2414" with ph1 mux
SYN-3007 : Map mux "DTCM/ramread0_syn_2416" with ph1 mux
SYN-3007 : Map mux "DTCM/ramread0_syn_2418" with ph1 mux
SYN-3007 : Map mux "DTCM/ramread0_syn_2420" with ph1 mux
SYN-3007 : Map mux "DTCM/ramread0_syn_2422" with ph1 mux
SYN-3007 : Map mux "DTCM/ramread0_syn_2424" with ph1 mux
SYN-3007 : Map mux "DTCM/ramread0_syn_2426" with ph1 mux
SYN-3007 : Map mux "DTCM/ramread0_syn_2428" with ph1 mux
SYN-3007 : Map mux "DTCM/ramread0_syn_2430" with ph1 mux
SYN-3007 : Map mux "DTCM/ramread0_syn_2432" with ph1 mux
SYN-3007 : Map mux "DTCM/ramread0_syn_2434" with ph1 mux
SYN-3007 : Map mux "ITCM/ramread0_syn_9284" with ph1 mux
SYN-3007 : Map mux "ITCM/ramread0_syn_9286" with ph1 mux
SYN-3007 : Map mux "ITCM/ramread0_syn_9288" with ph1 mux
SYN-3007 : Map mux "ITCM/ramread0_syn_9290" with ph1 mux
SYN-3007 : Map mux "ITCM/ramread0_syn_9292" with ph1 mux
SYN-3007 : Map mux "ITCM/ramread0_syn_9294" with ph1 mux
SYN-3007 : Map mux "ITCM/ramread0_syn_9296" with ph1 mux
SYN-3007 : Map mux "ITCM/ramread0_syn_9298" with ph1 mux
SYN-3007 : Map mux "ITCM/ramread0_syn_9300" with ph1 mux
SYN-3007 : Map mux "ITCM/ramread0_syn_9302" with ph1 mux
SYN-3007 : Map mux "ITCM/ramread0_syn_9304" with ph1 mux
SYN-3007 : Map mux "ITCM/ramread0_syn_9306" with ph1 mux
SYN-3007 : Map mux "ITCM/ramread0_syn_9308" with ph1 mux
SYN-3007 : Map mux "ITCM/ramread0_syn_9310" with ph1 mux
SYN-3007 : Map mux "ITCM/ramread0_syn_9312" with ph1 mux
SYN-3007 : Map mux "ITCM/ramread0_syn_9314" with ph1 mux
SYN-3007 : Map mux "ITCM/ramread0_syn_9316" with ph1 mux
SYN-3007 : Map mux "ITCM/ramread0_syn_9318" with ph1 mux
SYN-3007 : Map mux "ITCM/ramread0_syn_9320" with ph1 mux
SYN-3007 : Map mux "ITCM/ramread0_syn_9322" with ph1 mux
SYN-3007 : Map mux "ITCM/ramread0_syn_9324" with ph1 mux
SYN-3007 : Map mux "ITCM/ramread0_syn_9326" with ph1 mux
SYN-3007 : Map mux "ITCM/ramread0_syn_9328" with ph1 mux
SYN-3007 : Map mux "ITCM/ramread0_syn_9330" with ph1 mux
SYN-3007 : Map mux "ITCM/ramread0_syn_9332" with ph1 mux
SYN-3007 : Map mux "ITCM/ramread0_syn_9334" with ph1 mux
SYN-3007 : Map mux "ITCM/ramread0_syn_9336" with ph1 mux
SYN-3007 : Map mux "ITCM/ramread0_syn_9338" with ph1 mux
SYN-3007 : Map mux "ITCM/ramread0_syn_9340" with ph1 mux
SYN-3007 : Map mux "ITCM/ramread0_syn_9342" with ph1 mux
SYN-3007 : Map mux "ITCM/ramread0_syn_9344" with ph1 mux
SYN-3007 : Map mux "ITCM/ramread0_syn_9346" with ph1 mux
SYN-1019 : Optimized 60 mux instances.
SYN-1016 : Merged 88 instances.
SYN-1032 : 87861/81 useful/useless nets, 86056/0 useful/useless insts
RUN-1002 : start command "start_timer -prepack"
TMR-2505 : Start building timing graph for model CortexM3.
TMR-2506 : Build timing graph completely. Port num: 16, tpin num: 245353, tnet num: 87859, tinst num: 86054, tnode num: 258893, tedge num: 314721.
TMR-2508 : Levelizing timing graph completed, there are 309 levels in total.
TMR-2501 : Timing graph initialized successfully.
RUN-1003 : finish command "start_timer -prepack" in  2.436683s wall, 2.406250s user + 0.015625s system = 2.421875s CPU (99.4%)

RUN-1004 : used memory is 1309 MB, reserved memory is 1341 MB, peak memory is 1660 MB
TMR-2503 : Start to update net delay, extr mode = 2.
TMR-2504 : Update delay of 87859 nets completely.
TMR-2502 : Annotate delay completely, extr mode = 2.
TMR-3001 : Initiate 0 clocks from SDC.
TMR-3004 : Map sdc constraints, there are 0 constraints in total.
TMR-3003 : Constraints initiated successfully.
TMR-3501 : Forward propagation: start to calculate arrival time...
TMR-3502 : Backward propagation: start to calculate required time...
TMR-3503 : Timing propagation completes.
SYN-3001 : Running gate level optimization.
SYN-2581 : Mapping with K=6, #lut = 15909 (4.49), #lev = 49 (17.66)
SYN-2551 : Post LUT mapping optimization.
SYN-2581 : Mapping with K=6, #lut = 15238 (4.52), #lev = 46 (16.75)
SYN-3001 : Logic optimization runtime opt =  21.01 sec, map =   0.00 sec
SYN-3001 : Mapper mapped 79165 instances into 15245 LUTs, name keeping = 40%.
SYN-3001 : Mapper removed 2 lut buffers
RUN-1002 : start command "report_area -file CortexM3_gate.area"
RUN-1001 : standard
***Report Model: CortexM3 Device: PH1A60GEG324***

IO Statistics
#IO                        35
  #input                    8
  #output                  26
  #inout                    1

Utilization Statistics
#lut                    16337
  #lut1                     5
  #lut2                  1432
  #lut3                  2695
  #lut4                  2498
  #lut5                  3790
  #lut6                  5089
  #1-bit adder            828
#reg                     5433   out of  78720    6.90%
  #dff                   5433
  #latch                    0
#f7mux                    128   out of  19680    0.65%
#f8mux                     64   out of   9840    0.65%
#dsp                        3   out of    120    2.50%
#eram                       0   out of    158    0.00%
  #eram20k                  0
  #fifo20k                  0
#dram                     128
#pad                       35   out of    211   16.59%
  #ireg                     0
  #oreg                     0
  #treg                     0
#pll                        1   out of     12    8.33%

Report Hierarchy Area:
+------------------------------------------------------------------------------------------------------------------------------------------------------+
|Instance                     |Module               |lut     |ripple  |seq     |eram    |dsp     |dram    |shifter |pll     |serdes  |pcie    |ddr     |
+------------------------------------------------------------------------------------------------------------------------------------------------------+
|top                          |CortexM3             |15509   |828     |5433    |0       |3       |128     |0       |1       |0       |0       |0       |
|  AhbDtcm                    |cmsdk_ahb_to_sram    |48      |0       |49      |0       |0       |0       |0       |0       |0       |0       |0       |
|  AhbItcm                    |cmsdk_ahb_to_sram    |30      |0       |49      |0       |0       |0       |0       |0       |0       |0       |0       |
|  AhbMtx                     |AhbMtx               |44      |0       |117     |0       |0       |0       |0       |0       |0       |0       |0       |
|    u_AhbMtxInStg_0          |AhbMtxInStg          |2       |0       |26      |0       |0       |0       |0       |0       |0       |0       |0       |
|    u_AhbMtxInStg_1          |AhbMtxInStg          |2       |0       |30      |0       |0       |0       |0       |0       |0       |0       |0       |
|    u_AhbMtxInStg_2          |AhbMtxInStg          |5       |0       |38      |0       |0       |0       |0       |0       |0       |0       |0       |
|    u_ahbmtxdecs0            |AhbMtxDecS0          |3       |0       |3       |0       |0       |0       |0       |0       |0       |0       |0       |
|      u_AhbMtx_default_slave |AhbMtx_default_slave |2       |0       |2       |0       |0       |0       |0       |0       |0       |0       |0       |
|    u_ahbmtxdecs1            |AhbMtxDecS1          |3       |0       |3       |0       |0       |0       |0       |0       |0       |0       |0       |
|      u_AhbMtx_default_slave |AhbMtx_default_slave |2       |0       |2       |0       |0       |0       |0       |0       |0       |0       |0       |
|    u_ahbmtxdecs2            |AhbMtxDecS2          |5       |0       |5       |0       |0       |0       |0       |0       |0       |0       |0       |
|      u_AhbMtx_default_slave |AhbMtx_default_slave |2       |0       |2       |0       |0       |0       |0       |0       |0       |0       |0       |
|    u_ahbmtxoutstgm0_0       |AhbMtxOutStgM0       |7       |0       |3       |0       |0       |0       |0       |0       |0       |0       |0       |
|      u_output_arb           |AhbMtxArbM0          |7       |0       |2       |0       |0       |0       |0       |0       |0       |0       |0       |
|    u_ahbmtxoutstgm1_1       |AhbMtxOutStgM1       |5       |0       |4       |0       |0       |0       |0       |0       |0       |0       |0       |
|      u_output_arb           |AhbMtxArbM1          |4       |0       |2       |0       |0       |0       |0       |0       |0       |0       |0       |
|    u_ahbmtxoutstgm2_2       |AhbMtxOutStgM2       |12      |0       |5       |0       |0       |0       |0       |0       |0       |0       |0       |
|      u_output_arb           |AhbMtxArbM2          |8       |0       |2       |0       |0       |0       |0       |0       |0       |0       |0       |
|  ApbBridge                  |cmsdk_ahb_to_apb     |220     |0       |51      |0       |0       |0       |0       |0       |0       |0       |0       |
|  Buzzer                     |custom_apb_buzzer    |2       |0       |1       |0       |0       |0       |0       |0       |0       |0       |0       |
|  DTCM                       |cmsdk_fpga_sram      |313     |0       |11      |0       |0       |64      |0       |0       |0       |0       |0       |
|  ITCM                       |cmsdk_fpga_sram      |410     |0       |11      |0       |0       |64      |0       |0       |0       |0       |0       |
|  Key                        |custom_apb_key       |5       |0       |4       |0       |0       |0       |0       |0       |0       |0       |0       |
|  LCD                        |custom_apb_lcd       |31      |0       |22      |0       |0       |0       |0       |0       |0       |0       |0       |
|  LED                        |custom_apb_led       |3       |0       |2       |0       |0       |0       |0       |0       |0       |0       |0       |
|  SynClockTD$PLL             |PLL                  |0       |0       |0       |0       |0       |0       |0       |1       |0       |0       |0       |
|  Timer                      |cmsdk_apb_timer      |71      |33      |77      |0       |0       |0       |0       |0       |0       |0       |0       |
|  UART                       |cmsdk_apb_uart       |116     |17      |116     |0       |0       |0       |0       |0       |0       |0       |0       |
|  ulogic                     |cortexm3ds_logic     |14214   |778     |4921    |0       |3       |0       |0       |0       |0       |0       |0       |
+------------------------------------------------------------------------------------------------------------------------------------------------------+

SYN-1001 : Packing model "CortexM3" ...
SYN-4010 : Pack lib has 84 rtl pack models with 55 top pack blocks
SYN-1014 : Optimize round 1
SYN-1032 : 23885/3 useful/useless nets, 22130/4 useful/useless insts
SYN-1015 : Optimize round 1, 7 better
SYN-1014 : Optimize round 2
SYN-1015 : Optimize round 2, 0 better
SYN-4002 : Packing 5431 DFF/LATCH to SEQ ...
SYN-1001 : Remove 31 carry adders
SYN-4009 : Pack 30 carry chain into lslice
SYN-4012 : Packed 0 FxMUX
RUN-1003 : finish command "optimize_gate -maparea CortexM3_gate.area" in  93.680041s wall, 93.000000s user + 0.609375s system = 93.609375s CPU (99.9%)

RUN-1004 : used memory is 1144 MB, reserved memory is 1184 MB, peak memory is 1660 MB
RUN-1002 : start command "legalize_phy_inst"
SYN-1011 : Flatten model CortexM3
SYN-1032 : 25801/0 useful/useless nets, 22831/164 useful/useless insts
RUN-1002 : start command "export_db CortexM3_gate.db"
RUN-1001 : Exported /
RUN-1001 : Exported flow parameters
RUN-1001 : Exported libs
RUN-1001 : Exported entities
RUN-1001 : Exported ports
RUN-1001 : Exported pins
RUN-1001 : Exported instances
RUN-1001 : Exported nets
RUN-1001 : Exported buses
RUN-1001 : Exported models
RUN-1001 : Exported congestions
RUN-1001 : Exported violations
RUN-1001 : Exported timing constraints
RUN-1001 : Exported IO constraints
RUN-1001 : Exported Inst constraints
RUN-1003 : finish command "export_db CortexM3_gate.db" in  3.236998s wall, 5.453125s user + 0.000000s system = 5.453125s CPU (168.5%)

RUN-1004 : used memory is 1163 MB, reserved memory is 1205 MB, peak memory is 1660 MB
RUN-1002 : start command "backup_run_log run.log ../.logs/syn_1/td_20230719_202732.log"
