============================================================
   Tang Dynasty, V5.6.56362
   Copyright (c) 2012-2022 Anlogic
   Executable = D:/Anlogic/TD5.6.56362/bin/td.exe
   Built at =   19:51:00 Jul 25 2022
   Run by =     DELL
   Run Date =   Thu Jul 20 20:23:40 2023

   Run on =     DESKTOP-CF55MT9
============================================================
RUN-1001 : open_run phy_1.
RUN-1002 : start command "import_db D:/Desktop/CortexM3/TD/CortexM3_Runs/phy_1/CortexM3_pr.db"
RUN-1001 : Importing database generated by Tang Dynasty, V5.6.56362.
RUN-1001 : Database version number 46140.
RUN-1001 : Import flow parameters
RUN-1001 : Constructing routing connections.
RUN-1001 : Import timing constraints
RUN-1001 : Import IO constraints
RUN-1001 : Import Inst constraints
RUN-1001 : Import design success TD_VERSION=5.6.56362 , DB_VERSION=46140
RUN-1003 : finish command "import_db D:/Desktop/CortexM3/TD/CortexM3_Runs/phy_1/CortexM3_pr.db" in  10.852895s wall, 23.000000s user + 1.046875s system = 24.046875s CPU (221.6%)

RUN-1004 : used memory is 2162 MB, reserved memory is 2178 MB, peak memory is 2176 MB
RUN-1002 : start command "report_timing"
RUN-1002 : start command "start_timer -report"
RUN-1003 : finish command "start_timer -report" in  9.778457s wall, 9.828125s user + 0.125000s system = 9.953125s CPU (101.8%)

RUN-1004 : used memory is 2483 MB, reserved memory is 2510 MB, peak memory is 2483 MB
RUN-1002 : start command "end_timer"
RUN-1003 : finish command "report_timing" in  13.284403s wall, 13.265625s user + 0.203125s system = 13.468750s CPU (101.4%)

RUN-1004 : used memory is 2358 MB, reserved memory is 2462 MB, peak memory is 2542 MB
HDL-1007 : analyze verilog file ../RTL/CortexM3_TD.v
HDL-1007 : undeclared symbol 'TXEN', assumed default net type 'wire' in ../RTL/CortexM3_TD.v(788)
HDL-1007 : undeclared symbol 'BAUDTICK', assumed default net type 'wire' in ../RTL/CortexM3_TD.v(789)
RUN-1001 : reset_run syn_1 phy_1.
RUN-6001 WARNING: Failed to reset phy_1: some files can't be removed in D:/Desktop/CortexM3/TD/CortexM3_Runs/phy_1
RUN-6001 WARNING: Failed to reset phy_1: some files can't be removed in D:/Desktop/CortexM3/TD/CortexM3_Runs/phy_1
RUN-1001 : launch_runs syn_1 phy_1  -jobs 6.
RUN-1001 : syn_1: run complete.
RUN-1001 : phy_1: run complete.
RUN-1001 : open_run phy_1.
RUN-1002 : start command "import_db D:/Desktop/CortexM3/TD/CortexM3_Runs/phy_1/CortexM3_pr.db"
RUN-1001 : Importing database generated by Tang Dynasty, V5.6.56362.
RUN-1001 : Database version number 46140.
RUN-1001 : Import flow parameters
RUN-1001 : Constructing routing connections.
RUN-1001 : Import timing constraints
RUN-1001 : Import IO constraints
RUN-1001 : Import Inst constraints
RUN-1001 : Import design success TD_VERSION=5.6.56362 , DB_VERSION=46140
RUN-1003 : finish command "import_db D:/Desktop/CortexM3/TD/CortexM3_Runs/phy_1/CortexM3_pr.db" in  19.110347s wall, 28.375000s user + 4.296875s system = 32.671875s CPU (171.0%)

RUN-1004 : used memory is 1250 MB, reserved memory is 1918 MB, peak memory is 2542 MB
RUN-1002 : start command "report_timing"
RUN-1002 : start command "start_timer -report"
RUN-1003 : finish command "start_timer -report" in  7.771487s wall, 7.609375s user + 0.265625s system = 7.875000s CPU (101.3%)

RUN-1004 : used memory is 1486 MB, reserved memory is 2109 MB, peak memory is 2542 MB
RUN-1002 : start command "end_timer"
RUN-1003 : finish command "report_timing" in  11.164693s wall, 10.906250s user + 0.312500s system = 11.218750s CPU (100.5%)

RUN-1004 : used memory is 1508 MB, reserved memory is 2112 MB, peak memory is 2542 MB
