============================================================
   Tang Dynasty, V5.6.56362
   Copyright (c) 2012-2022 Anlogic
   Executable = D:/Anlogic/TD5.6.56362/bin/td.exe
   Built at =   19:51:00 Jul 25 2022
   Run by =     DELL
   Run Date =   Thu Jul 20 20:23:21 2023

   Run on =     DESKTOP-CF55MT9
============================================================
RUN-001 : GUI based run...
RUN-1002 : start command "open_project CortexM3.al -update"
RUN-1001 : Print Global Property
RUN-1001 : ---------------------------------------------------------------
RUN-1001 :        Parameters        |  Settings  |  Default Values  |  Note  
RUN-1001 : ---------------------------------------------------------------
RUN-1001 :          message         |  standard  |     standard     |        
RUN-1001 :   mixed_pack_place_flow  |     on     |        on        |        
RUN-1001 :        syn_ip_flow       |    off     |       off        |        
RUN-1001 :          thread          |    auto    |       auto       |        
RUN-1001 : ---------------------------------------------------------------
RUN-1001 : Print Design Property
RUN-1001 : --------------------------------------------------------------
RUN-1001 :        Parameters       |  Settings  |  Default Values  |  Note  
RUN-1001 : --------------------------------------------------------------
RUN-1001 :   default_reg_initial   |    auto    |       auto       |        
RUN-1001 :        infer_add        |     on     |        on        |        
RUN-1001 :        infer_fsm        |    off     |       off        |        
RUN-1001 :        infer_mult       |     on     |        on        |        
RUN-1001 :        infer_ram        |     on     |        on        |        
RUN-1001 :        infer_reg        |     on     |        on        |        
RUN-1001 :   infer_reg_init_value  |     on     |        on        |        
RUN-1001 :        infer_rom        |     on     |        on        |        
RUN-1001 :      infer_shifter      |     on     |        on        |        
RUN-1001 : --------------------------------------------------------------
RUN-1001 : Print Rtl Property
RUN-1001 : --------------------------------------------------------------
RUN-1001 :        Parameters       |  Settings  |  Default Values  |  Note  
RUN-1001 : --------------------------------------------------------------
RUN-1001 :       compress_add      |   ripple   |      ripple      |        
RUN-1001 :        elf_sload        |    off     |       off        |        
RUN-1001 :       fix_undriven      |     0      |        0         |        
RUN-1001 :         flatten         |    off     |       off        |        
RUN-1001 :       gate_sharing      |     on     |        on        |        
RUN-1001 :    hdl_warning_level    |   normal   |      normal      |        
RUN-1001 :   impl_internal_tribuf  |     on     |        on        |        
RUN-1001 :      impl_set_reset     |     on     |        on        |        
RUN-1001 :        infer_gsr        |    off     |       off        |        
RUN-1001 :      keep_hierarchy     |    auto    |       auto       |        
RUN-1001 :        max_fanout       |    9999    |       9999       |        
RUN-1001 :      max_oh2bin_len     |     10     |        10        |        
RUN-1001 :       merge_equal       |     on     |        on        |        
RUN-1001 :       merge_equiv       |     on     |        on        |        
RUN-1001 :        merge_mux        |    off     |       off        |        
RUN-1001 :     min_control_set     |     8      |        8         |        
RUN-1001 :      min_ripple_len     |    auto    |       auto       |        
RUN-1001 :       oh2bin_ratio      |    0.08    |       0.08       |        
RUN-1001 :     opt_adder_fanout    |     on     |        on        |        
RUN-1001 :        opt_arith        |     on     |        on        |        
RUN-1001 :       opt_big_gate      |    off     |       off        |        
RUN-1001 :        opt_const        |     on     |        on        |        
RUN-1001 :      opt_const_mult     |     on     |        on        |        
RUN-1001 :       opt_lessthan      |     on     |        on        |        
RUN-1001 :         opt_mux         |    off     |       off        |        
RUN-1001 :         opt_ram         |    high    |       high       |        
RUN-1001 :      rtl_sim_model      |    off     |       off        |        
RUN-1001 :         seq_syn         |     on     |        on        |        
RUN-1001 : --------------------------------------------------------------
HDL-1007 : analyze verilog file ../RTL/CortexM3_TD.v
HDL-1007 : undeclared symbol 'TXEN', assumed default net type 'wire' in ../RTL/CortexM3_TD.v(788)
HDL-1007 : undeclared symbol 'BAUDTICK', assumed default net type 'wire' in ../RTL/CortexM3_TD.v(789)
HDL-1007 : analyze verilog file ../RTL/bus/AhbMtx/AhbMtx.v
HDL-1007 : analyze verilog file ../RTL/bus/AhbMtx/AhbMtxArbM0.v
HDL-1007 : analyze verilog file ../RTL/bus/AhbMtx/AhbMtxArbM1.v
HDL-1007 : analyze verilog file ../RTL/bus/AhbMtx/AhbMtxArbM2.v
HDL-1007 : analyze verilog file ../RTL/bus/AhbMtx/AhbMtxDecS0.v
HDL-1007 : analyze verilog file ../RTL/bus/AhbMtx/AhbMtxDecS1.v
HDL-1007 : analyze verilog file ../RTL/bus/AhbMtx/AhbMtxDecS2.v
HDL-1007 : analyze verilog file ../RTL/bus/AhbMtx/AhbMtxInStg.v
HDL-1007 : analyze verilog file ../RTL/bus/AhbMtx/AhbMtxOutStgM0.v
HDL-1007 : analyze verilog file ../RTL/bus/AhbMtx/AhbMtxOutStgM1.v
HDL-1007 : analyze verilog file ../RTL/bus/AhbMtx/AhbMtxOutStgM2.v
HDL-1007 : analyze verilog file ../RTL/bus/AhbMtx/AhbMtx_default_slave.v
HDL-1007 : analyze verilog file ../RTL/bus/Apb/cmsdk_ahb_to_apb.v
HDL-1007 : analyze verilog file ../RTL/bus/Apb/cmsdk_apb_slave_mux.v
HDL-1007 : analyze verilog file ../RTL/core/cortexm3ds_logic.v
HDL-1007 : analyze verilog file ../RTL/peripheral/buzzer/custom_apb_buzzer.v
HDL-1007 : undeclared symbol 'read_en', assumed default net type 'wire' in ../RTL/peripheral/buzzer/custom_apb_buzzer.v(36)
HDL-1007 : undeclared symbol 'write_en', assumed default net type 'wire' in ../RTL/peripheral/buzzer/custom_apb_buzzer.v(37)
HDL-1007 : analyze verilog file ../RTL/peripheral/key/custom_apb_key.v
HDL-1007 : undeclared symbol 'read_en', assumed default net type 'wire' in ../RTL/peripheral/key/custom_apb_key.v(36)
HDL-1007 : analyze verilog file ../RTL/peripheral/lcd/custom_apb_lcd.v
HDL-1007 : undeclared symbol 'read_en', assumed default net type 'wire' in ../RTL/peripheral/lcd/custom_apb_lcd.v(42)
HDL-1007 : undeclared symbol 'write_en', assumed default net type 'wire' in ../RTL/peripheral/lcd/custom_apb_lcd.v(43)
HDL-1007 : analyze verilog file ../RTL/peripheral/led/custom_apb_led.v
HDL-1007 : undeclared symbol 'read_en', assumed default net type 'wire' in ../RTL/peripheral/led/custom_apb_led.v(36)
HDL-1007 : undeclared symbol 'write_en', assumed default net type 'wire' in ../RTL/peripheral/led/custom_apb_led.v(37)
HDL-1007 : analyze verilog file ../RTL/peripheral/sram/cmsdk_ahb_to_sram.v
HDL-1007 : analyze verilog file ../RTL/peripheral/sram/cmsdk_fpga_sram.v
HDL-1007 : analyze verilog file ../RTL/peripheral/timer/cmsdk_apb_timer.v
HDL-1007 : analyze verilog file ../RTL/peripheral/uart/cmsdk_apb_uart.v
HDL-1007 : analyze verilog file al_ip/PLL.v
HDL-1007 : undeclared symbol 'open', assumed default net type 'wire' in al_ip/PLL.v(76)
RUN-1001 : Project manager successfully analyzed 25 source files.
RUN-1003 : finish command "open_project CortexM3.al -update" in  2.101474s wall, 2.078125s user + 0.296875s system = 2.375000s CPU (113.0%)

RUN-1004 : used memory is 160 MB, reserved memory is 121 MB, peak memory is 160 MB
RUN-1002 : start command "import_device ph1_60.db -package PH1A60GEG324"
ARC-1001 : Device Initialization.
ARC-1001 : ---------------------------------------------------------------
ARC-1001 :           OPTION          |          IO          |   SETTING   
ARC-1001 : ---------------------------------------------------------------
ARC-1001 :   non_jtag_persist(none)  |        36 IOs        |    gpio    
ARC-1001 :            jtag           |  P8/E10/E12/E11/E13  |  dedicate  
ARC-1001 : ---------------------------------------------------------------
RUN-1003 : finish command "import_device ph1_60.db -package PH1A60GEG324" in  14.482919s wall, 14.187500s user + 0.296875s system = 14.484375s CPU (100.0%)

RUN-1004 : used memory is 718 MB, reserved memory is 698 MB, peak memory is 718 MB
